mads 1.9.3
     1 				; ANIMATIONSROTINE/LEGENDE FUER JACK
     2 				; 
     3 				;			   						BF'88
     4 				;-----------------------------------------
     5 				; Original:			1988
     6 				; †berarbeite: 		06.05.2016
     7 				; Original: 		BMEINE.ATR
     8 				; Original Source:	MAINPRG.SRC 
     9 				;-----------------------------------------
    10 				; VEBUGGGGGGT
    11 				;
    12 = 00CD			PHASEL	EQU 205 	;BEWEGUNGSPHASE LOW.
    13 = 00CE			PHASEH  EQU 206 	;BEWEGUNGSPHASE HI.
    14 = 00CF			PHASEL2	EQU 207    	; ''       P2 LOW
    15 = 00D0			PHASEH2 EQU 208    	; ''       P2 HIGU 203
    16 = 00CB			ADR		EQU 203    	;YPOS.JACK IN GR.13
    17 				;
    18 = 4800			PMTAB   EQU 18432 
    19 = D407			PMBASE  EQU 54279
    20 = D000			HPOSP1  EQU 53248
    21 = D001			HPOSP2	EQU 53249
    22 = 022F			SDMCTL	EQU 559
    23 = 026F			GPRIOR	EQU 623
    24 = D01D			GRACTL	EQU 53277
    25 = 4C00			PLAYER1	EQU PMTAB+1024
    26 = 4D00			PLAYER2	EQU PMTAB+1280
    27 = A000			BRAM 	EQU $A000
    28 				;
    29 = 0278			STICK0	EQU 632
    30 = 0284			TRIG0	EQU 644
    31 				;
    32 						ORG $A800 	;FREI VERSCHIEBAR.
    33 FFFF> A800-AC6A> 4C 0E + 		JMP START
    34 				;
    35 A803 00			RICHTUNG .byte 0     	;BEWEGUNGSRICHTUNG
    36 A804 2D			XPOS	 .byte 45    	;X POSITION
    37 A805 48			YPOS	 .byte 72    	;Y POSITION 
    38 A806 00			ZAELER	 .byte 0     	;16 BYTES GELESEN?
    39 A807 03			PRUEF    .byte 3     	;ZEICHEN DAS VON JACK †BERLAGERT WIRD
    40 				;
    41 A808 00 00		TEMP	.byte 0,0     ;TEMPONAEREGISTER.
    42 A80A 64			DELAY	.byte 100   	;ZEIT FUER WAIT2
    43 A80B 02			STEPNR	.byte 2     	;SCHRITTNUMMER.
    44 A80C FF			ZEIT    .byte 255   	;ZEIT-WIELANGE KEINE
    45 A80D 64				    .byte 100   	;HIBYTE ZEIT BEWEGUNG AUSGEFUERT	
    46 				;
    47 				; PMGRAFIK VORBEREITEN
    48 				;
    49 A80E			START    
    50 A80E A9 48			LDA #PMTAB/256
    51 A810 8D 07 D4			STA PMBASE
    52 A813 A9 3A			LDA #58
    53 A815 8D 2F 02			STA SDMCTL 	
    54 A818 AD 04 A8			LDA XPOS
    55 A81B 8D 00 D0			STA HPOSP1
    56 A81E A9 03			LDA #3
    57 A820 8D 1D D0			STA GRACTL
    58 A823 A9 02			LDA #2
    59 A825 8D 6F 02			STA GPRIOR
    60 				;
    61 A828 A9 08			LDA #8
    62 A82A 8D C0 02			STA 704
    63 A82D A9 32			LDA #50
    64 A82F 8D C1 02			STA 705
    65 				;
    66 A832 A2 00			LDX #0
    67 A834 A9 00		CLEAR	LDA #0
    68 A836 9D 00 4C			STA PLAYER1,X
    69 A839 9D 00 4D			STA PLAYER2,X
    70 A83C E8				INX
    71 A83D D0 F5			BNE CLEAR
    72 				;
    73 A83F 20 E9 AA			JSR RECHTS    	;PLAYER DAS 
    74 A842 20 43 AB			JSR POKEIN    	;ERSTE MAL
    75 A845 20 72 AB			JSR POKEIN2   	;ZEIGEN.
    76 				;
    77 A848 A9 00			LDA #<BRAM
    78 A84A 85 CB			STA ADR
    79 A84C A9 A0			LDA #>BRAM
    80 A84E 85 CC			STA ADR+1
    81 				;
    82 				; STICKABFRAGE
    83 				;
    84 A850			STICKABF	
    85 A850 AD 78 02			LDA STICK0
    86 A853 C9 0B			CMP #11
    87 A855 D0 08			BNE NOT11
    88 A857 A9 01			LDA #1      	;RICHTUNG=1-LINKS
    89 A859 8D 03 A8			STA RICHTUNG
    90 A85C 20 A8 A8			JSR LEFT
    91 				; 
    92 A85F			NOT11	
    93 A85F C9 07			CMP #7
    94 A861 D0 08			BNE NOT7
    95 A863 A9 02			LDA #2      	;RICHTUNG=2-RECHTS
    96 A865 8D 03 A8			STA RICHTUNG 
    97 A868 20 DD A8			JSR RIGHT
    98 				;
    99 A86B			NOT7	
   100 A86B C9 0E			CMP #14    
   101 A86D D0 1F			BNE NOT14
   102 A86F AD 07 A8			LDA PRUEF   	;IST LEITERTEIL?
   103 A872 C9 06			CMP #6
   104 A874 D0 03			BNE NOTA
   105 A876 20 8D A9			JSR UP
   106 A879			NOTA	
   107 A879 C9 05			CMP #5
   108 A87B D0 03			BNE NOTB
   109 A87D 20 8D A9			JSR UP
   110 A880			NOTB
   111 A880 C9 07			CMP #7
   112 A882 D0 03			BNE NOTC
   113 A884 20 8D A9			JSR UP
   114 A887			NOTC	
   115 A887 C9 04			CMP #4
   116 A889 D0 03			BNE NOT14   	;KEINE LEITER.
   117 A88B 20 8D A9			JSR UP      	;LEITER BESTEIGEN
   118 				;
   119 A88E			NOT14	
   120 A88E AD 84 02			LDA TRIG0   	;JUMP ?
   121 A891 C9 00			CMP #0
   122 A893 D0 03			BNE NOT0
   123 A895 20 E7 A9			JSR JUMP    	;JUMP
   124 				;
   125 A898			NOT0	
   126 A898 AD 78 02			LDA STICK0
   127 A89B C9 0F			CMP #15     	;KEINE STICKBEWEGUNG
   128 A89D D0 03			BNE NOT15   
   129 A89F 20 2F AA			JSR STAND
   130 				;
   131 A8A2			NOT15	
   132 A8A2 20 2D AC			JSR CHECK   
   133 A8A5 4C 50 A8			JMP STICKABF
   134 				;------------------------------------
   135 				; LINKSBEWEGUNG
   136 				; PHASE 1
   137 				;------------------------------------
   138 A8A8			LEFT	
   139 A8A8 20 2D AC			JSR CHECK
   140 A8AB			LEFT2	
   141 A8AB AD 0B A8			LDA STEPNR    	;SCHON 4    
   142 A8AE C9 00			CMP #0        	;SCHRITTE NACH       
   143 A8B0 D0 0B			BNE MOVELEFT  	;LINKS?
   144 				;
   145 A8B2 A9 04			LDA #4
   146 A8B4 8D 0B A8			STA STEPNR
   147 A8B7 20 ED AB			JSR SBCBRAM 	;BRAM.ADR.-1
   148 A8BA 20 D8 AA			JSR LINKS   	;BITMUSTER F.L.
   149 A8BD			MOVELEFT	
   150 A8BD 20 43 AB			JSR POKEIN  	;PLAYER 1,
   151 A8C0 20 72 AB			JSR POKEIN2 	;PLAYER 2 EINLESEN
   152 A8C3 AE 04 A8			LDX XPOS
   153 A8C6 CA				DEX
   154 A8C7 8E 04 A8			STX XPOS    	;X POS PLAYER 1
   155 A8CA 8E 00 D0			STX HPOSP1  	;UND 2 AENDERN.
   156 A8CD 8E 01 D0			STX HPOSP2
   157 A8D0 20 BD AB			JSR WAIT
   158 A8D3 20 A1 AB			JSR ADC16
   159 A8D6 20 AF AB			JSR ADC162  	;DATAADR.ERHOHEN.
   160 				;
   161 A8D9 CE 0B A8			DEC STEPNR
   162 A8DC 60				RTS
   163 				;------------------------------------
   164 				; RECHTSBEWEGUNG 
   165 				; PHASE 1
   166 				;------------------------------------
   167 A8DD			RIGHT	
   168 A8DD 20 2D AC			JSR CHECK
   169 A8E0			RIGHT2	
   170 A8E0 AD 0B A8			LDA STEPNR
   171 A8E3 C9 04			CMP #4
   172 A8E5 D0 0B			BNE MOVER 
   173 				;
   174 A8E7 A9 00			LDA #0
   175 A8E9 8D 0B A8			STA STEPNR
   176 A8EC 20 D5 AB			JSR ADDBRAM
   177 A8EF 20 E9 AA			JSR RECHTS   	;BITMUSTER F.R.
   178 A8F2			MOVER	
   179 A8F2 20 43 AB			JSR POKEIN
   180 A8F5 20 72 AB			JSR POKEIN2
   181 A8F8 AE 04 A8			LDX XPOS
   182 A8FB E8				INX
   183 A8FC 8E 00 D0			STX HPOSP1
   184 A8FF 8E 01 D0			STX HPOSP2
   185 A902 8E 04 A8			STX XPOS
   186 A905 20 A1 AB			JSR ADC16
   187 A908 20 AF AB			JSR ADC162
   188 A90B 20 BD AB			JSR WAIT
   189 A90E EE 0B A8			INC STEPNR
   190 				;
   191 A911 60				RTS	
   192 				;------------------------------------
   193 				; STURZ
   194 				;------------------------------------
   195 A912			STURZ	
   196 A912 A2 00			LDX #0
   197 A914 A9 20			LDA #<$B220
   198 A916 85 CD			STA PHASEL
   199 A918 A9 B2			LDA #>$B220
   200 A91A 85 CE			STA PHASEH
   201 A91C A9 A0			LDA #<($B220+128)
   202 A91E 85 CF			STA PHASEL2
   203 A920 A9 B2			LDA #>($B220+128)
   204 A922 85 D0			STA PHASEH2
   205 A924 AC 05 A8			LDY YPOS
   206 				;
   207 A927			FALL	
   208 A927 AD 0A A8			LDA DELAY   	;ABFRAGE OB ZU 
   209 A92A C9 00			CMP #0     		;TIEF GEFALLEN
   210 A92C D0 03			BNE FALLOK
   211 A92E 4C FA AA			JMP TOD    		;ZU TIEF=TOD
   212 A931			FALLOK	
   213 A931 8C 08 A8			STY TEMP		;X UND Y REG 
   214 A934 8E 09 A8			STX TEMP+1 		;SICHERN.
   215 				;
   216 A937 20 43 AB			JSR POKEIN
   217 A93A 20 72 AB			JSR POKEIN2
   218 A93D 20 C8 AB			JSR WAIT2   
   219 A940 AC 08 A8			LDY TEMP
   220 A943 C8				INY
   221 A944 8C 05 A8			STY YPOS
   222 A947 AE 09 A8			LDX TEMP+1
   223 A94A E8				INX
   224 A94B CE 0A A8			DEC DELAY  		;WARTEZEIT-1
   225 A94E CE 0A A8			DEC DELAY
   226 A951 E0 08			CPX #8
   227 A953 D0 D2			BNE FALL
   228 				;
   229 A955 20 04 AC			JSR ADC40
   230 A958 20 2D AC			JSR CHECK
   231 				;
   232 A95B A9 64			LDA #100   		;ENDE STURZ
   233 A95D 8D 0A A8			STA DELAY
   234 				;	
   235 A960 A9 20			LDA #<$B220
   236 A962 85 CD			STA PHASEL
   237 A964 A9 B2			LDA #>$B220
   238 A966 85 CE			STA PHASEH
   239 A968 A9 A0			LDA #<($B220+128)
   240 A96A 85 CF			STA PHASEL2
   241 A96C A9 B2			LDA #>($B220+128)
   242 A96E 85 D0			STA PHASEH2
   243 				;
   244 A970 A2 00			LDX #0
   245 A972			ENDST	
   246 A972 8E 08 A8			STX TEMP
   247 A975 20 43 AB			JSR POKEIN
   248 A978 20 72 AB			JSR POKEIN2
   249 A97B 20 A1 AB			JSR ADC16
   250 A97E 20 AF AB			JSR ADC162	
   251 A981 20 BD AB			JSR WAIT
   252 A984 AE 08 A8			LDX TEMP
   253 A987 E8				INX
   254 A988 E0 04			CPX #4
   255 A98A D0 E6			BNE ENDST
   256 A98C 60				RTS
   257 				;------------------------------------
   258 				; JACK AUF LEITER!!
   259 				;------------------------------------
   260 A98D			UP	
   261 A98D A2 00			LDX #0
   262 A98F 8E 08 A8			STX TEMP
   263 				;
   264 A992			UPMOVE	
   265 A992 A9 21			LDA #<$B321
   266 A994 85 CD			STA PHASEL	
   267 A996 A9 B3			LDA #>$B321
   268 A998 85 CE			STA PHASEH
   269 A99A A9 A1			LDA #<($B321+128)
   270 A99C 85 CF			STA PHASEL2
   271 A99E A9 B3			LDA #>($B321+128)
   272 A9A0 85 D0			STA PHASEH2
   273 				;
   274 A9A2 20 43 AB			JSR POKEIN
   275 A9A5 20 72 AB			JSR POKEIN2
   276 A9A8 20 A1 AB			JSR ADC16
   277 A9AB 20 AF AB			JSR ADC162
   278 A9AE 20 BD AB			JSR WAIT
   279 A9B1 20 43 AB			JSR POKEIN
   280 A9B4 20 72 AB			JSR POKEIN2
   281 A9B7 20 BD AB			JSR WAIT
   282 A9BA AE 05 A8			LDX YPOS
   283 A9BD CA				DEX
   284 A9BE CA				DEX
   285 A9BF 8E 05 A8			STX YPOS	
   286 A9C2 AE 08 A8			LDX TEMP
   287 A9C5 E8				INX
   288 A9C6 8E 08 A8			STX TEMP
   289 A9C9 E0 04			CPX #4
   290 A9CB D0 C5			BNE UPMOVE
   291 A9CD 20 19 AC			JSR SBC40
   292 				;
   293 A9D0 A9 20			LDA #<$B220
   294 A9D2 85 CD			STA PHASEL
   295 A9D4 A9 B2			LDA #>$B220
   296 A9D6 85 CE			STA PHASEH
   297 A9D8 A9 A0			LDA #<($B220+128)
   298 A9DA 85 CF			STA PHASEL2
   299 A9DC A9 B2			LDA #>($B220+128)
   300 A9DE 85 D0			STA PHASEH2
   301 A9E0 20 43 AB			JSR POKEIN
   302 A9E3 20 72 AB			JSR POKEIN2 
   303 A9E6 60				RTS
   304 				;------------------------------------
   305 				; SPRUNG
   306 				;------------------------------------
   307 A9E7			JUMP	
   308 A9E7 A2 00			LDX #0
   309 A9E9 8E 08 A8			STX TEMP
   310 A9EC A9 32			LDA #50      	;WARTESCHLEIFE
   311 A9EE 8D 0A A8			STA DELAY    	;AUF 50
   312 A9F1 A9 20			LDA #<$B220 	;STEHENDEN
   313 A9F3 85 CD			STA PHASEL   	;PLAYER ZEIGEN.
   314 A9F5 A9 B2			LDA #>$B220
   315 A9F7 85 CE			STA PHASEH
   316 A9F9 A9 A0			LDA #<($B220+128)
   317 A9FB 85 CF			STA PHASEL2
   318 A9FD A9 B2			LDA #>($B220+128)
   319 A9FF 85 D0			STA PHASEH2
   320 AA01			JMPLOOP	
   321 AA01 AC 05 A8			LDY YPOS     	;DER EIGENTLICHE
   322 AA04 88				DEY          	;SPRUNG.
   323 AA05 8C 05 A8			STY YPOS     	;YPOS-1
   324 AA08 20 43 AB			JSR POKEIN   	;PLAYER 1 UND 2
   325 AA0B 20 72 AB			JSR POKEIN2  	;EINPOKEN
   326 AA0E 20 C8 AB			JSR WAIT2    	;WARTEN
   327 AA11 EE 0A A8			INC DELAY    	;WARTESHLEIFE 
   328 AA14 EE 0A A8			INC DELAY    	;WENIGER 3.
   329 AA17 EE 0A A8			INC DELAY
   330 AA1A AE 08 A8			LDX TEMP
   331 AA1D E8				INX
   332 AA1E 8E 08 A8			STX TEMP
   333 AA21 E0 10			CPX #16
   334 AA23 D0 DC			BNE JMPLOOP
   335 AA25 20 19 AC			JSR SBC40     	;BRAM -40
   336 AA28 20 19 AC			JSR SBC40
   337 AA2B 20 2D AC			JSR CHECK    	;WELCHES ZEICHEN?
   338 AA2E 60				RTS	    		;FERTIG.		
   339 				;------------------------------------
   340 				; STEHENDEN JACK ZEIGEN
   341 				; (EINDRUCK DER DREHUNG ERWECKEN)
   342 				;------------------------------------
   343 AA2F			STAND	
   344 AA2F A9 20			LDA #<$B220
   345 AA31 85 CD			STA PHASEL
   346 AA33 A9 B2			LDA #>$B220
   347 AA35 85 CE			STA PHASEH
   348 AA37 A9 A0			LDA #<($B220+128)
   349 AA39 85 CF			STA PHASEL2
   350 AA3B A9 B2			LDA #>($B220+128)
   351 AA3D 85 D0			STA PHASEH2
   352 				;
   353 AA3F 20 43 AB			JSR POKEIN       	;STEHENDEN
   354 AA42 20 72 AB			JSR POKEIN2      	;JACK LESEN.
   355 				;
   356 AA45 CE 0C A8			DEC ZEIT
   357 AA48 AD 0C A8			LDA ZEIT
   358 AA4B C9 00			CMP #0	        	;ZEIT SCHON 0
   359 AA4D D0 0A			BNE RETURN       	;NEIN->RTS
   360 				;
   361 AA4F CE 0D A8			DEC ZEIT+1       	;HI BYTE ZEIT
   362 AA52 AD 0D A8			LDA ZEIT+1
   363 AA55 C9 00			CMP #0
   364 AA57 F0 03			BEQ WEITER	
   365 AA59			RETURN	
   366 AA59 4C D1 AA			JMP RIGHTLE      	;LINKS ODER
   367 					                    ;RECHTS?
   368 AA5C			WEITER	
   369 AA5C A9 FF			LDA #255
   370 AA5E 8D 0C A8			STA ZEIT
   371 AA61 A9 64			LDA #100
   372 AA63 8D 0D A8			STA ZEIT+1
   373 				;
   374 AA66 A9 D1			LDA #<$B3D1
   375 AA68 85 CD			STA PHASEL
   376 AA6A A9 B3			LDA #>$B3D1
   377 AA6C 85 CE			STA PHASEH
   378 AA6E A9 51			LDA #<($B3D1+128)
   379 AA70 85 CF			STA PHASEL2
   380 AA72 A9 B4			LDA #>($B3D1+128)
   381 AA74 85 D0			STA PHASEH2
   382 				;
   383 AA76 A9 00			LDA #0
   384 AA78 8D 08 A8			STA TEMP
   385 AA7B			TURN	
   386 AA7B AD 78 02			LDA STICK0    	;STICKBEWEGUNG?
   387 AA7E C9 0F			CMP #15
   388 AA80 D0 D7			BNE RETURN    	;JA->RETURN
   389 				;
   390 AA82 20 43 AB			JSR POKEIN
   391 AA85 20 72 AB			JSR POKEIN2
   392 AA88 20 A1 AB			JSR ADC16
   393 AA8B 20 AF AB			JSR ADC162
   394 AA8E 20 BD AB			JSR WAIT
   395 AA91 20 BD AB			JSR WAIT
   396 AA94 20 BD AB			JSR WAIT
   397 AA97 EE 08 A8			INC TEMP
   398 AA9A AD 08 A8			LDA TEMP
   399 AA9D C9 07			CMP #7
   400 AA9F D0 DA			BNE TURN		
   401 				;
   402 AAA1 AD 05 A8			LDA YPOS       	;FRAGEZEICHEN
   403 AAA4 8D 09 A8			STA TEMP+1     	;AUSGEBEN.
   404 AAA7 E9 12			SBC #18
   405 AAA9 8D 05 A8			STA YPOS
   406 AAAC 20 43 AB			JSR POKEIN
   407 AAAF 20 72 AB			JSR POKEIN2
   408 				;
   409 AAB2			W4STICK  
   410 AAB2 AD 78 02			LDA STICK0     ;AUF STICK-
   411 AAB5 C9 0F			CMP #15        ;BEWEGUNG
   412 AAB7 F0 F9			BEQ W4STICK    ;WARTEN!!
   413 				;
   414 AAB9 A9 00			LDA #<1536
   415 AABB 85 CD			STA PHASEL
   416 AABD 85 CF			STA PHASEL2
   417 AABF A9 06			LDA #>1536
   418 AAC1 85 CE			STA PHASEH
   419 AAC3 85 D0			STA PHASEH2
   420 AAC5 20 43 AB			JSR POKEIN	
   421 AAC8 20 72 AB			JSR POKEIN2
   422 AACB AD 09 A8			LDA TEMP+1     ;RESTORE Y POS.
   423 AACE 8D 05 A8			STA YPOS
   424 				;
   425 AAD1			RIGHTLE	
   426 AAD1 AD 78 02			LDA STICK0
   427 AAD4 C9 07			CMP #7         ;RECHTS?
   428 AAD6 F0 11			BEQ RECHTS     ;JA!
   429 				;
   430 				; UNTERPROGRAMME UM BITMUSTER FUER
   431 				; JACK RECHTS ODER LINKS ZU STELLEN
   432 				;
   433 AAD8			LINKS	
   434 AAD8 A9 00			LDA #<$B000  
   435 AADA 85 CD			STA PHASEL
   436 AADC A9 B0			LDA #>$B000
   437 AADE 85 CE			STA PHASEH
   438 AAE0 A9 80			LDA #<($B000+128)
   439 AAE2 85 CF			STA PHASEL2
   440 AAE4 A9 B0			LDA #>($B000+128)
   441 AAE6 85 D0			STA PHASEH2
   442 AAE8 60				RTS
   443 				;
   444 AAE9			RECHTS	
   445 AAE9 A9 40			LDA #<($B000+64)
   446 AAEB 85 CD			STA PHASEL
   447 AAED A9 B0			LDA #>($B000+64)
   448 AAEF 85 CE			STA PHASEH
   449 AAF1 A9 C0			LDA #<($B000+192)
   450 AAF3 85 CF			STA PHASEL2
   451 AAF5 A9 B0			LDA #>($B000+192)
   452 AAF7 85 D0			STA PHASEH2
   453 AAF9 60				RTS	
   454 				;------------------------------------
   455 				; TOD!!
   456 				; PRUEFEN OB GAME OVER
   457 				;------------------------------------
   458 AAFA A5 14		TOD	LDA $14
   459 AAFC 8D C1 02			STA 705
   460 AAFF 8D C0 02			STA 704
   461 AB02 8D C2 02			STA 706
   462 AB05 D0 F3			BNE TOD
   463 AB07 60				RTS
   464 				;------------------------------------
   465 				; DIAMANT/GOLD GEFUNDEN
   466 				;------------------------------------
   467 AB08			DIAMANT	
   468 AB08 A0 00			LDY #0
   469 AB0A A9 1E			LDA #30
   470 AB0C 91 CB			STA (ADR),Y  	;SCORE AUSGEBEN
   471 AB0E C8				INY
   472 AB0F A9 1D			LDA #29
   473 AB11 91 CB			STA (ADR),Y
   474 AB13 C8				INY
   475 AB14 91 CB			STA (ADR),Y		
   476 AB16 4C 27 AB			JMP OLD
   477 				;
   478 AB19			GOLD	
   479 AB19 A0 00			LDY #0
   480 AB1B A9 1C			LDA #28       	;SCORE AUSGEBEN
   481 AB1D 91 CB			STA (ADR),Y
   482 AB1F C8				INY
   483 AB20 A9 1D			LDA #29
   484 AB22 91 CB			STA (ADR),Y
   485 AB24 C8				INY
   486 AB25 91 CB			STA (ADR),Y
   487 				;
   488 AB27 20 BD AB		OLD	JSR WAIT    	;SCORE KURZ
   489 AB2A 20 BD AB			JSR WAIT   		; ZEIGEN.
   490 AB2D 20 BD AB			JSR WAIT    	;(SPATER->SOUND).
   491 AB30 A0 00			LDY #0     		;ALTEN BODEN
   492 AB32 A9 38		CL	LDA #56     	;WIEDER 
   493 AB34 91 CB			STA (ADR),Y 	;HERSTELLEN.
   494 AB36 C8				INY
   495 AB37 C0 03			CPY #3
   496 AB39 D0 F7			BNE CL
   497 				;
   498 AB3B A9 38			LDA #56     	;RESTORE PRUEF.
   499 AB3D 8D 07 A8			STA PRUEF
   500 AB40 4C 50 A8			JMP STICKABF
   501 				;------------------------------------
   502 				; AB HIER SUBROTINEN:
   503 				; -POKEIN IN ZEIGT PLAYER 1 AUF SCHIRM
   504 				; -POKEIN2 ZEIGT PLAYER 2
   505 				; -ADC16  ERHOET BEWEGUNGSPHASE
   506 				; -ADC162   ''         ''       PLY.2
   507 				; -WAIT   WARTESCHLEIFE
   508 				; -ADDBRAM ADDIERT X POS.JACK IN GR 13
   509 				; -SBCBRAM SUBTRAHIERT X POS.JACK GR13
   510 				; -CHECK   WELCHES ZEICHEN WIRD
   511 				;          UEBERLAGERT?
   512 				;-------------------------------------
   513 AB43			POKEIN   
   514 AB43 AE 05 A8			LDX YPOS
   515 AB46 A0 00			LDY #0
   516 AB48 A9 00			LDA #0
   517 AB4A 9D 00 4C			STA PLAYER1,X
   518 AB4D E8				INX
   519 AB4E			POKE
   520 AB4E B1 CD			LDA (PHASEL),Y
   521 AB50 9D 00 4C			STA PLAYER1,X
   522 AB53 C8				INY
   523 AB54 E8				INX
   524 AB55 EE 06 A8			INC ZAELER
   525 AB58 AD 06 A8			LDA ZAELER
   526 AB5B C9 10			CMP #16
   527 AB5D D0 EF			BNE POKE	
   528 AB5F A9 00			LDA #0
   529 AB61 8D 06 A8			STA ZAELER
   530 				;
   531 AB64 18				CLC        		;LETZTES BYTE
   532 AB65 AD 05 A8			LDA YPOS   		;PLAYER 1 LOESCHEN
   533 AB68 69 10			ADC #16
   534 AB6A AA				TAX
   535 AB6B E8				INX
   536 AB6C A9 00			LDA #0
   537 AB6E 9D 00 4C			STA PLAYER1,X
   538
   539 AB71 60				RTS
   540 				;
   541 AB72			POKEIN2	
   542 AB72 AE 05 A8			LDX YPOS
   543 AB75 A0 00			LDY #0
   544 AB77 A9 00			LDA #0
   545 AB79 9D 00 4D			STA PLAYER2,X
   546 AB7C E8				INX
   547 AB7D			POKE2	
   548 AB7D B1 CF			LDA (PHASEL2),Y
   549 AB7F 9D 00 4D			STA PLAYER2,X
   550 AB82 C8				INY
   551 AB83 E8				INX
   552 AB84 EE 06 A8			INC ZAELER
   553 AB87 AD 06 A8			LDA ZAELER
   554 AB8A C9 10			CMP #16
   555 AB8C D0 EF			BNE POKE2
   556 AB8E A9 00			LDA #0
   557 AB90 8D 06 A8			STA ZAELER
   558 				;
   559 AB93 18				CLC        		;LETZTES BYTE VON
   560 AB94 AD 05 A8			LDA YPOS   		;PLAYER 2 LOESCHEN
   561 AB97 69 10			ADC #16
   562 AB99 AA				TAX
   563 AB9A E8				INX
   564 AB9B A9 00			LDA #0
   565 AB9D 9D 00 4D			STA PLAYER2,X
   566 				;
   567 ABA0 60				RTS
   568 				;------------------------------------
   569 ABA1			ADC16	
   570 ABA1 18				CLC	
   571 ABA2 A5 CD			LDA PHASEL
   572 ABA4 69 10			ADC #16
   573 ABA6 85 CD			STA PHASEL
   574 ABA8 A5 CE			LDA PHASEH
   575 ABAA 69 00			ADC #0
   576 ABAC 85 CE			STA PHASEH
   577 ABAE 60				RTS		
   578 				;
   579 ABAF			ADC162	
   580 ABAF 18				CLC
   581 ABB0 A5 CF			LDA PHASEL2
   582 ABB2 69 10			ADC #16
   583 ABB4 85 CF			STA PHASEL2
   584 ABB6 A5 D0			LDA PHASEH2
   585 ABB8 69 00			ADC #0
   586 ABBA 85 D0			STA PHASEH2
   587 ABBC 60				RTS
   588 				;------------------------------------
   589 ABBD			WAIT	
   590 ABBD A2 78			LDX #120
   591 ABBF			LOOP	
   592 ABBF A0 78			LDY #120
   593 ABC1			LOOP1	
   594 ABC1 88				DEY
   595 ABC2 D0 FD			BNE LOOP1
   596 ABC4 CA				DEX 
   597 ABC5 D0 F8			BNE LOOP
   598 ABC7 60				RTS
   599 				;------------------------------------
   600 ABC8			WAIT2	
   601 ABC8 AE 0A A8			LDX DELAY  	;SPEZIELLE WARTE-
   602 ABCB			LOOP12	
   603 ABCB AC 0A A8			LDY DELAY  	;SCHLEIFE
   604 ABCE			LOOP22   
   605 ABCE 88				DEY        	;DIE WARTEZEIT IST
   606 ABCF D0 FD			BNE LOOP22 	;VARIABEL UEBER 
   607 ABD1 CA				DEX        	;DELAY EINSTELLBAR.
   608 ABD2 D0 F7			BNE LOOP12
   609 ABD4 60				RTS
   610 				;------------------------------------
   611 				; ERHOEHEN DES BILDRAMZAELERS
   612 				;------------------------------------
   613 ABD5			ADDBRAM	
   614 ABD5 18				CLC
   615 ABD6 A0 00			LDY #0
   616 ABD8 A5 CB			LDA ADR
   617 ABDA 69 01			ADC #1
   618 ABDC 85 CB			STA ADR
   619 ABDE A5 CC			LDA ADR+1
   620 ABE0 69 00			ADC #0
   621 ABE2 85 CC			STA ADR+1
   622 ABE4 B1 CB			LDA (ADR),Y
   623 ABE6 8D 07 A8			STA PRUEF
   624 ABE9 8D 26 A0			STA BRAM+38
   625 ABEC 60				RTS
   626 				;------------------------------------
   627 				; ERNIEDRIGE BILDZAELER
   628 				;------------------------------------
   629 ABED			SBCBRAM	
   630 ABED A0 00			LDY #0
   631 ABEF A5 CB			LDA ADR
   632 ABF1 E9 01			SBC #1
   633 ABF3 85 CB			STA ADR
   634 ABF5 A5 CC			LDA ADR+1
   635 ABF7 E9 00			SBC #0
   636 ABF9 85 CC			STA ADR+1
   637 ABFB B1 CB			LDA (ADR),Y
   638 ABFD 8D 07 A8			STA PRUEF
   639 AC00 8D 26 A0			STA BRAM+38
   640 AC03 60				RTS	
   641 				;-------------------------------------
   642 				; BILDZAEHLER UM 40 ERHOHEN
   643 				;-------------------------------------
   644 AC04			ADC40	
   645 AC04 18				CLC
   646 AC05 A0 00			LDY #0
   647 AC07 A5 CB			LDA ADR
   648 AC09 69 28			ADC #40
   649 AC0B 85 CB			STA ADR
   650 AC0D A5 CC			LDA ADR+1
   651 AC0F 69 00			ADC #0
   652 AC11 85 CC			STA ADR+1
   653 AC13 B1 CB			LDA (ADR),Y
   654 AC15 8D 07 A8			STA PRUEF
   655 AC18 60				RTS
   656 				;------------------------------------
   657 				; BILDZAHLER UM 40 ERNIEDRIGEN.
   658 				;------------------------------------
   659 AC19			SBC40	
   660 AC19 A0 00			LDY #0
   661 AC1B A5 CB			LDA ADR
   662 AC1D E9 28			SBC #40
   663 AC1F 85 CB			STA ADR
   664 AC21 A5 CC			LDA ADR+1
   665 AC23 E9 00			SBC #0
   666 AC25 85 CC			STA ADR+1
   667 AC27 B1 CB			LDA (ADR),Y
   668 AC29 8D 07 A8			STA PRUEF
   669 AC2C 60				RTS
   670 				;------------------------------------
   671 				; PRUEFE WELCHES ZEICHEN UEBERLAGERT
   672 				; WIRD.
   673 				;------------------------------------
   674 AC2D			CHECK	
   675 AC2D AD 07 A8			LDA PRUEF   	;LOCH?
   676 AC30 C9 00			CMP #0
   677 AC32 D0 06			BNE NOSTURZ 	;KEIN LOCH   
   678 AC34 20 12 A9			JSR STURZ   	;JA JACK SUERZT
   679 AC37 4C 50 A8			JMP STICKABF
   680 				;
   681 AC3A			NOSTURZ	
   682 AC3A C9 01			CMP #1      	;MAUERTEIL LINKS?
   683 AC3C D0 06			BNE NOMLEFT 	;NEIN.
   684 AC3E 4C AB A8			JMP LEFT2   	;JA.
   685 AC41 4C 50 A8			JMP STICKABF
   686 				;
   687 AC44			NOMLEFT	
   688 AC44 C9 02			CMP #2      	;MAUERTEIL RECHTS?
   689 AC46 D0 06			BNE NMRIGHT 	;NEIN.
   690 AC48 4C E0 A8			JMP RIGHT2  	;JA.
   691 AC4B 4C 50 A8			JMP STICKABF
   692 				;
   693 AC4E			NMRIGHT	
   694 AC4E C9 48			CMP #72     	;WIRD EIN ZEICHEN
   695 AC50 D0 03			BNE NOT72   	;DAS TOEDLICH
   696 AC52 4C FA AA			JMP TOD    		;WIRKT UEBER-
   697 AC55			NOT72	
   698 AC55 C9 77			CMP #119    	;LAGERT?
   699 AC57 D0 03			BNE NOT19   
   700 AC59 4C FA AA			JMP TOD
   701 				;
   702 AC5C			NOT19	
   703 AC5C C9 1B			CMP #27     	;DIAMANT ODER 
   704 AC5E D0 03			BNE NOT27   	;GOLD?
   705 AC60 4C 08 AB			JMP DIAMANT
   706 AC63			NOT27	
   707 AC63 C9 39			CMP #57
   708 AC65 D0 03			BNE NOT57
   709 AC67 4C 19 AB			JMP GOLD
   710 				;
   711 AC6A 60			NOT57	RTS
