mads 1.9.3
     1 				; Show Pic
     2 				;
     3 				; This as not part of the original data
     4 				;
     5
     6 					org $a800
     7 FFFF> A800-C6A2> A9 0D		lda #<dlist8
     8 A802 8D 30 02			sta 560
     9 A805 A9 A8			lda #>dlist8
    10 A807 8D 31 02			sta 561
    11 A80A			l
    12 A80A 4C 0A A8			jmp l
    13
    14 				; Graphics 8 Display- list
    15
    16 = 000F				dc8 = $0f	
    17 A80D			dlist8	
    18 A80D 70 70 70			.byte $70,$70,$70
    19 A810 4F A3 A8			.byte $40+dc8,a(screen)
    20 A813 0F 0F 0F 0F 0F 0F + :46	.byte dc8
    21 A841 4F 73 B0			.byte $40+dc8,a(screen+2000)
    22 A844 0F 0F 0F 0F 0F 0F + :90 .byte dc8
    23 A89E 8F				.byte dc8+128
    24 A89F 42				.byte $40+$02
    25 A8A0 41 0D A8			.byte $41,a(dlist8)
    26 					
    27 				;____________________________________
    28 				; This was suposed to be the 
    29 				; main titel for 'legende'
    30 				;____________________________________
    31 				;
    32 				; Source Disk: BMEINE.ATR	
    33 				; Dump of	:	PICTURE.
    34 				; Format	:	Gr.8 / 62 Sektors / 8kB
    35 				; 
    36 A8A3			screen
    37 A8A3 00 00 00 00 00 00 + 	.byte	$00,$00,$00,$00,$00,$00,$00,$00,$00
    38 A8AC 00 00 00 00 00 00 + 	.byte	$00,$00,$00,$00,$00,$00,$00,$00
    39 A8B4 00 00 00 00 00 00 + 	.byte	$00,$00,$00,$00,$00,$00,$00,$00
    40 A8BC 00 00 00 00 00 00 + 	.byte	$00,$00,$00,$00,$00,$00,$00,$00
    41 A8C4 00 00 00 00 00 00 + 	.byte	$00,$00,$00,$00,$00,$00,$00,$00
    42 A8CC 00 00 00 00 00 00 + 	.byte	$00,$00,$00,$00,$00,$00,$00,$00
    43 A8D4 00 00 00 00 00 00 + 	.byte	$00,$00,$00,$00,$00,$00,$00,$00
    44 A8DC 00 00 00 00 00 00 + 	.byte	$00,$00,$00,$00,$00,$00,$00,$00
    45 A8E4 00 00 00 00 00 00 + 	.byte	$00,$00,$00,$00,$00,$00,$00,$00
    46 A8EC 00 00 00 00 00 00 + 	.byte	$00,$00,$00,$00,$00,$00,$00,$00
    47 A8F4 00 00 00 00 00 00 + 	.byte	$00,$00,$00,$00,$00,$00,$00,$00
    48 A8FC 00 00 00 00 00 00 + 	.byte	$00,$00,$00,$00,$00,$00,$00,$00
    49 A904 00 00 00 00 00 00 + 	.byte	$00,$00,$00,$00,$00,$00,$00,$00
    50 A90C 00 00 00 00 00 00 + 	.byte	$00,$00,$00,$00,$00,$00,$00,$00
    51 A914 00 00 00 00 00 00 + 	.byte	$00,$00,$00,$00,$00,$00,$00,$00
    52 A91C 00 00 00 00 00 00 + 	.byte	$00,$00,$00,$00,$00,$00,$00,$00
    53 A924 00 00 00 00 00 00 + 	.byte	$00,$00,$00,$00,$00,$00,$00,$00
    54 A92C 00 00 00 00 00 00 + 	.byte	$00,$00,$00,$00,$00,$00,$00,$00
    55 A934 00 00 00 00 00 00 + 	.byte	$00,$00,$00,$00,$00,$00,$00,$00
    56 A93C 00 00 00 00 00 00 + 	.byte	$00,$00,$00,$00,$00,$00,$00,$ee
    57 A944 FE 00 7C 7C 00 00 + 	.byte	$fe,$00,$7c,$7c,$00,$00,$00,$00
    58 A94C 00 00 00 00 00 00 + 	.byte	$00,$00,$00,$00,$00,$00,$00,$00
    59 A954 00 00 00 00 00 00 + 	.byte	$00,$00,$00,$00,$00,$00,$00,$00
    60 A95C 00 00 00 00 00 00 + 	.byte	$00,$00,$00,$00,$00,$00,$00,$00
    61 A964 00 00 00 00 00 00 + 	.byte	$00,$00,$00,$00,$00,$00,$00,$ee
    62 A96C FE 00 7C 7C 3F FC + 	.byte	$fe,$00,$7c,$7c,$3f,$fc,$3f,$3f
    63 A974 0F F0 03 F3 3F FF + 	.byte	$0f,$f0,$03,$f3,$3f,$ff,$3c,$0f
    64 A97C 3F FF 03 C0 3F FF + 	.byte	$3f,$ff,$03,$c0,$3f,$ff,$3f,$3f
    65 A984 3F FF 00 00 00 00 + 	.byte	$3f,$ff,$00,$00,$00,$00,$00,$00
    66 A98C 00 00 00 00 00 00 + 	.byte	$00,$00,$00,$00,$00,$00,$00,$73
    67 A994 66 18 CE CE 0F 0F + 	.byte	$66,$18,$ce,$ce,$0f,$0f,$0f,$c3
    68 A99C F0 FC 0F 0F 0F 0F + 	.byte	$f0,$fc,$0f,$0f,$0f,$0f,$3c,$0f
    69 A9A4 03 C0 00 F0 0F 0F + 	.byte	$03,$c0,$00,$f0,$0f,$0f,$0f,$c3
    70 A9AC C3 C0 00 00 00 00 + 	.byte	$c3,$c0,$00,$00,$00,$00,$00,$00
    71 A9B4 00 00 00 00 00 00 + 	.byte	$00,$00,$00,$00,$00,$00,$00,$73
    72 A9BC 66 18 CE CE 0F 0F + 	.byte	$66,$18,$ce,$ce,$0f,$0f,$0f,$0f
    73 A9C4 03 FC 0F 00 0F 00 + 	.byte	$03,$fc,$0f,$00,$0f,$00,$3f,$0f
    74 A9CC 0F 00 00 F0 0F 00 + 	.byte	$0f,$00,$00,$f0,$0f,$00,$0f,$0f
    75 A9D4 0F 00 00 00 00 00 + 	.byte	$0f,$00,$00,$00,$00,$00,$00,$00
    76 A9DC 00 00 00 00 00 00 + 	.byte	$00,$00,$00,$00,$00,$00,$00,$63
    77 A9E4 60 18 E6 E6 0F 0F + 	.byte	$60,$18,$e6,$e6,$0f,$0f,$0f,$3c
    78 A9EC 03 CF 03 FC 0F F0 + 	.byte	$03,$cf,$03,$fc,$0f,$f0,$3f,$cf
    79 A9F4 3C 00 00 F0 0F F0 + 	.byte	$3c,$00,$00,$f0,$0f,$f0,$0f,$3c
    80 A9FC 3C 00 00 00 00 00 + 	.byte	$3c,$00,$00,$00,$00,$00,$00,$00
    81 AA04 00 00 00 00 00 00 + 	.byte	$00,$00,$00,$00,$00,$00,$00,$63
    82 AA0C 60 18 E6 E6 0F 3C + 	.byte	$60,$18,$e6,$e6,$0f,$3c,$0f,$0f
    83 AA14 03 FF 00 0F 0F 00 + 	.byte	$03,$ff,$00,$0f,$0f,$00,$3c,$ff
    84 AA1C 3C 00 00 F0 0F 00 + 	.byte	$3c,$00,$00,$f0,$0f,$00,$0f,$0f
    85 AA24 3C 00 00 00 00 00 + 	.byte	$3c,$00,$00,$00,$00,$00,$00,$00
    86 AA2C 00 00 00 00 00 00 + 	.byte	$00,$00,$00,$00,$00,$00,$00,$63
    87 AA34 78 18 7C 7C 0F 00 + 	.byte	$78,$18,$7c,$7c,$0f,$00,$0f,$0f
    88 AA3C 0F 0F 00 0F 0F 03 + 	.byte	$0f,$0f,$00,$0f,$0f,$03,$fc,$3f
    89 AA44 3C 03 00 F0 0F 03 + 	.byte	$3c,$03,$00,$f0,$0f,$03,$cf,$0f
    90 AA4C 3C 03 00 00 00 00 + 	.byte	$3c,$03,$00,$00,$00,$00,$00,$00
    91 AA54 00 00 00 00 00 00 + 	.byte	$00,$00,$00,$00,$00,$00,$00,$63
    92 AA5C 78 18 7C 7C 0F 00 + 	.byte	$78,$18,$7c,$7c,$0f,$00,$0f,$03
    93 AA64 CF 0F 0F 0F 0F 0F + 	.byte	$cf,$0f,$0f,$0f,$0f,$0f,$3c,$0f
    94 AA6C 3C 0F 00 F0 0F 0F + 	.byte	$3c,$0f,$00,$f0,$0f,$0f,$0f,$03
    95 AA74 FC 0F 00 00 00 00 + 	.byte	$fc,$0f,$00,$00,$00,$00,$00,$00
    96 AA7C 00 00 00 00 00 00 + 	.byte	$00,$00,$00,$00,$00,$00,$00,$6e
    97 AA84 60 00 CE CE 3C 00 + 	.byte	$60,$00,$ce,$ce,$3c,$00,$3c,$03
    98 AA8C FC 03 CC FC 0F FC + 	.byte	$fc,$03,$cc,$fc,$0f,$fc,$3c,$0f
    99 AA94 0F FC 00 3C 0F FC + 	.byte	$0f,$fc,$00,$3c,$0f,$fc,$3c,$03
   100 AA9C CF FC 00 00 00 00 + 	.byte	$cf,$fc,$00,$00,$00,$00,$00,$00
   101 AAA4 00 00 00 00 00 00 + 	.byte	$00,$00,$00,$00,$00,$00,$00,$6e
   102 AAAC 60 00 CE CE 00 00 + 	.byte	$60,$00,$ce,$ce,$00,$00,$00,$00
   103 AAB4 00 00 00 00 00 00 + 	.byte	$00,$00,$00,$00,$00,$00,$00,$00
   104 AABC 00 00 00 00 00 00 + 	.byte	$00,$00,$00,$00,$00,$00,$00,$00
   105 AAC4 00 00 00 00 00 00 + 	.byte	$00,$00,$00,$00,$00,$00,$00,$00
   106 AACC 00 00 00 00 00 00 + 	.byte	$00,$00,$00,$00,$00,$00,$00,$63
   107 AAD4 60 00 E6 E6 00 00 + 	.byte	$60,$00,$e6,$e6,$00,$00,$00,$00
   108 AADC 00 00 00 00 00 00 + 	.byte	$00,$00,$00,$00,$00,$00,$00,$00
   109 AAE4 00 00 00 00 00 00 + 	.byte	$00,$00,$00,$00,$00,$00,$00,$00
   110 AAEC 20 00 00 00 00 00 + 	.byte	$20,$00,$00,$00,$00,$00,$00,$00
   111 AAF4 00 00 00 00 00 00 + 	.byte	$00,$00,$00,$00,$00,$00,$00,$63
   112 AAFC 60 00 E6 E6 00 00 + 	.byte	$60,$00,$e6,$e6,$00,$00,$00,$00
   113 AB04 00 00 00 00 00 00 + 	.byte	$00,$00,$00,$00,$00,$00,$00,$00
   114 AB0C 00 00 00 00 00 00 + 	.byte	$00,$00,$00,$00,$00,$00,$00,$00
   115 AB14 DC 00 00 00 00 00 + 	.byte	$dc,$00,$00,$00,$00,$00,$00,$00
   116 AB1C 00 00 00 00 00 00 + 	.byte	$00,$00,$00,$00,$00,$00,$00,$63
   117 AB24 60 00 7C 7C 00 00 + 	.byte	$60,$00,$7c,$7c,$00,$00,$00,$00
   118 AB2C 00 00 00 00 00 00 + 	.byte	$00,$00,$00,$00,$00,$00,$00,$00
   119 AB34 00 00 00 00 00 00 + 	.byte	$00,$00,$00,$00,$00,$00,$00,$00
   120 AB3C 83 80 00 00 00 00 + 	.byte	$83,$80,$00,$00,$00,$00,$00,$00
   121 AB44 00 00 00 00 00 00 + 	.byte	$00,$00,$00,$00,$00,$00,$00,$63
   122 AB4C 60 00 7C 7C 00 00 + 	.byte	$60,$00,$7c,$7c,$00,$00,$00,$00
   123 AB54 00 00 00 00 00 00 + 	.byte	$00,$00,$00,$00,$00,$00,$00,$00
   124 AB5C 00 00 00 00 00 00 + 	.byte	$00,$00,$00,$00,$00,$00,$00,$00
   125 AB64 80 40 00 00 00 00 + 	.byte	$80,$40,$00,$00,$00,$00,$00,$00
   126 AB6C 00 00 00 00 00 00 + 	.byte	$00,$00,$00,$00,$00,$00,$00,$de
   127 AB74 60 00 00 00 00 00 + 	.byte	$60,$00,$00,$00,$00,$00,$00,$00
   128 AB7C 00 00 00 00 00 00 + 	.byte	$00,$00,$00,$00,$00,$00,$00,$00
   129 AB84 00 00 00 00 00 00 + 	.byte	$00,$00,$00,$00,$00,$00,$00,$07
   130 AB8C 80 20 00 00 00 00 + 	.byte	$80,$20,$00,$00,$00,$00,$00,$00
   131 AB94 00 00 00 00 00 00 + 	.byte	$00,$00,$00,$00,$00,$00,$00,$de
   132 AB9C 60 00 00 00 00 00 + 	.byte	$60,$00,$00,$00,$00,$00,$00,$00
   133 ABA4 00 00 00 00 00 00 + 	.byte	$00,$00,$00,$00,$00,$00,$00,$00
   134 ABAC 00 00 00 00 00 00 + 	.byte	$00,$00,$00,$00,$00,$00,$00,$78
   135 ABB4 80 1C 00 00 00 00 + 	.byte	$80,$1c,$00,$00,$00,$00,$00,$00
   136 ABBC 00 00 00 00 00 00 + 	.byte	$00,$00,$00,$00,$00,$00,$00,$de
   137 ABC4 60 00 00 00 00 00 + 	.byte	$60,$00,$00,$00,$00,$00,$00,$00
   138 ABCC 00 00 00 00 00 00 + 	.byte	$00,$00,$00,$00,$00,$00,$00,$00
   139 ABD4 00 00 00 00 00 00 + 	.byte	$00,$00,$00,$00,$00,$00,$0f,$80
   140 ABDC 80 02 00 00 00 00 + 	.byte	$80,$02,$00,$00,$00,$00,$00,$00
   141 ABE4 00 00 00 00 00 00 + 	.byte	$00,$00,$00,$00,$00,$00,$00,$00
   142 ABEC 00 00 00 00 00 00 + 	.byte	$00,$00,$00,$00,$00,$00,$00,$00
   143 ABF4 00 00 00 00 00 00 + 	.byte	$00,$00,$00,$00,$00,$00,$00,$00
   144 ABFC 00 00 00 00 00 01 + 	.byte	$00,$00,$00,$00,$00,$01,$ff,$c0
   145 AC04 80 01 BF 80 00 00 + 	.byte	$80,$01,$bf,$80,$00,$00,$00,$00
   146 AC0C 00 00 00 00 00 00 + 	.byte	$00,$00,$00,$00,$00,$00,$00,$00
   147 AC14 00 00 00 00 00 00 + 	.byte	$00,$00,$00,$00,$00,$00,$00,$00
   148 AC1C 00 00 00 00 00 00 + 	.byte	$00,$00,$00,$00,$00,$00,$00,$00
   149 AC24 00 00 00 00 00 3F + 	.byte	$00,$00,$00,$00,$00,$3f,$ff,$b0
   150 AC2C 80 00 7F E0 00 00 + 	.byte	$80,$00,$7f,$e0,$00,$00,$00,$00
   151 AC34 00 00 00 00 00 00 + 	.byte	$00,$00,$00,$00,$00,$00,$00,$00
   152 AC3C 00 00 00 00 00 00 + 	.byte	$00,$00,$00,$00,$00,$00,$00,$00
   153 AC44 00 00 00 00 00 00 + 	.byte	$00,$00,$00,$00,$00,$00,$00,$00
   154 AC4C 00 00 00 00 07 FF + 	.byte	$00,$00,$00,$00,$07,$ff,$f0,$8c
   155 AC54 80 00 3F F8 00 00 + 	.byte	$80,$00,$3f,$f8,$00,$00,$00,$00
   156 AC5C 00 00 00 00 00 00 + 	.byte	$00,$00,$00,$00,$00,$00,$00,$00
   157 AC64 00 00 00 00 00 00 + 	.byte	$00,$00,$00,$00,$00,$00,$00,$00
   158 AC6C 00 00 00 00 00 00 + 	.byte	$00,$00,$00,$00,$00,$00,$00,$00
   159 AC74 00 00 00 01 FF FF + 	.byte	$00,$00,$00,$01,$ff,$ff,$80,$82
   160 AC7C 80 00 11 FE 00 00 + 	.byte	$80,$00,$11,$fe,$00,$00,$00,$00
   161 AC84 00 00 00 00 00 00 + 	.byte	$00,$00,$00,$00,$00,$00,$00,$00
   162 AC8C 00 00 00 00 00 00 + 	.byte	$00,$00,$00,$00,$00,$00,$00,$00
   163 AC94 00 00 00 00 00 00 + 	.byte	$00,$00,$00,$00,$00,$00,$00,$00
   164 AC9C 00 00 00 3F FF F0 + 	.byte	$00,$00,$00,$3f,$ff,$f0,$00,$81
   165 ACA4 00 00 0C 7F 80 00 + 	.byte	$00,$00,$0c,$7f,$80,$00,$00,$00
   166 ACAC 00 00 00 00 00 00 + 	.byte	$00,$00,$00,$00,$00,$00,$00,$00
   167 ACB4 00 00 00 00 00 00 + 	.byte	$00,$00,$00,$00,$00,$00,$00,$00
   168 ACBC 00 00 00 00 00 00 + 	.byte	$00,$00,$00,$00,$00,$00,$00,$00
   169 ACC4 00 00 07 FF FE 00 + 	.byte	$00,$00,$07,$ff,$fe,$00,$00,$82
   170 ACCC 80 00 02 1F E0 00 + 	.byte	$80,$00,$02,$1f,$e0,$00,$00,$00
   171 ACD4 00 00 00 00 00 00 + 	.byte	$00,$00,$00,$00,$00,$00,$00,$00
   172 ACDC 00 00 00 00 00 00 + 	.byte	$00,$00,$00,$00,$00,$00,$00,$00
   173 ACE4 00 00 00 00 00 00 + 	.byte	$00,$00,$00,$00,$00,$00,$00,$00
   174 ACEC 00 00 3F FF 80 00 + 	.byte	$00,$00,$3f,$ff,$80,$00,$00,$86
   175 ACF4 40 00 01 07 F8 00 + 	.byte	$40,$00,$01,$07,$f8,$00,$00,$00
   176 ACFC 00 00 00 00 00 00 + 	.byte	$00,$00,$00,$00,$00,$00,$00,$00
   177 AD04 00 00 00 00 00 00 + 	.byte	$00,$00,$00,$00,$00,$00,$00,$00
   178 AD0C 00 00 00 00 00 00 + 	.byte	$00,$00,$00,$00,$00,$00,$00,$00
   179 AD14 00 00 7F F0 00 00 + 	.byte	$00,$00,$7f,$f0,$00,$00,$00,$84
   180 AD1C 40 00 01 81 FE 00 + 	.byte	$40,$00,$01,$81,$fe,$00,$00,$00
   181 AD24 00 00 00 00 00 00 + 	.byte	$00,$00,$00,$00,$00,$00,$00,$00
   182 AD2C 00 00 00 00 00 00 + 	.byte	$00,$00,$00,$00,$00,$00,$00,$00
   183 AD34 00 00 00 00 00 00 + 	.byte	$00,$00,$00,$00,$00,$00,$00,$00
   184 AD3C 00 00 FE 00 00 00 + 	.byte	$00,$00,$fe,$00,$00,$00,$20,$48
   185 AD44 20 00 00 80 7F 80 + 	.byte	$20,$00,$00,$80,$7f,$80,$00,$00
   186 AD4C 00 00 00 00 00 00 + 	.byte	$00,$00,$00,$00,$00,$00,$00,$00
   187 AD54 00 00 00 00 00 00 + 	.byte	$00,$00,$00,$00,$00,$00,$00,$00
   188 AD5C 00 00 00 00 00 00 + 	.byte	$00,$00,$00,$00,$00,$00,$00,$00
   189 AD64 00 00 F0 00 00 00 + 	.byte	$00,$00,$f0,$00,$00,$00,$58,$30
   190 AD6C 10 00 00 40 1F F0 + 	.byte	$10,$00,$00,$40,$1f,$f0,$00,$00
   191 AD74 00 00 00 00 00 00 + 	.byte	$00,$00,$00,$00,$00,$00,$00,$00
   192 AD7C 00 00 00 00 00 00 + 	.byte	$00,$00,$00,$00,$00,$00,$00,$00
   193 AD84 00 00 00 00 00 00 + 	.byte	$00,$00,$00,$00,$00,$00,$00,$00
   194 AD8C 00 01 E0 00 00 00 + 	.byte	$00,$01,$e0,$00,$00,$00,$47,$60
   195 AD94 08 00 00 40 07 FC + 	.byte	$08,$00,$00,$40,$07,$fc,$00,$00
   196 AD9C 00 00 00 00 00 00 + 	.byte	$00,$00,$00,$00,$00,$00,$00,$00
   197 ADA4 00 00 00 00 00 00 + 	.byte	$00,$00,$00,$00,$00,$00,$00,$00
   198 ADAC 00 00 00 00 00 00 + 	.byte	$00,$00,$00,$00,$00,$00,$00,$00
   199 ADB4 00 03 E0 00 00 00 + 	.byte	$00,$03,$e0,$00,$00,$00,$40,$e0
   200 ADBC 08 00 00 60 01 FF + 	.byte	$08,$00,$00,$60,$01,$ff,$00,$00
   201 ADC4 00 00 00 00 00 00 + 	.byte	$00,$00,$00,$00,$00,$00,$00,$00
   202 ADCC 00 00 00 00 00 00 + 	.byte	$00,$00,$00,$00,$00,$00,$00,$00
   203 ADD4 00 00 00 00 00 00 + 	.byte	$00,$00,$00,$00,$00,$00,$00,$00
   204 ADDC 00 07 C0 00 00 E0 + 	.byte	$00,$07,$c0,$00,$00,$e0,$80,$10
   205 ADE4 04 00 00 20 00 3F + 	.byte	$04,$00,$00,$20,$00,$3f,$c0,$00
   206 ADEC 00 00 00 00 00 00 + 	.byte	$00,$00,$00,$00,$00,$00,$00,$00
   207 ADF4 00 00 00 00 00 00 + 	.byte	$00,$00,$00,$00,$00,$00,$00,$00
   208 ADFC 00 00 00 00 00 00 + 	.byte	$00,$00,$00,$00,$00,$00,$00,$00
   209 AE04 00 0F 80 00 1E 18 + 	.byte	$00,$0f,$80,$00,$1e,$18,$80,$08
   210 AE0C 02 00 00 10 00 0F + 	.byte	$02,$00,$00,$10,$00,$0f,$f0,$00
   211 AE14 00 00 00 00 00 00 + 	.byte	$00,$00,$00,$00,$00,$00,$00,$00
   212 AE1C 00 00 00 00 00 00 + 	.byte	$00,$00,$00,$00,$00,$00,$00,$00
   213 AE24 00 00 00 00 00 00 + 	.byte	$00,$00,$00,$00,$00,$00,$00,$00
   214 AE2C 00 1F 00 03 C0 05 + 	.byte	$00,$1f,$00,$03,$c0,$05,$c0,$04
   215 AE34 01 00 00 08 00 03 + 	.byte	$01,$00,$00,$08,$00,$03,$fc,$00
   216 AE3C 00 00 00 00 00 00 + 	.byte	$00,$00,$00,$00,$00,$00,$00,$00
   217 AE44 00 00 00 00 00 00 + 	.byte	$00,$00,$00,$00,$00,$00,$00,$00
   218 AE4C 00 00 00 00 00 00 + 	.byte	$00,$00,$00,$00,$00,$00,$00,$00
   219 AE54 00 1E 00 04 00 02 + 	.byte	$00,$1e,$00,$04,$00,$02,$30,$02
   220 AE5C 00 80 00 04 00 00 + 	.byte	$00,$80,$00,$04,$00,$00,$ff,$00
   221 AE64 00 00 00 00 00 00 + 	.byte	$00,$00,$00,$00,$00,$00,$00,$00
   222 AE6C 00 00 00 00 00 00 + 	.byte	$00,$00,$00,$00,$00,$00,$00,$00
   223 AE74 00 00 00 00 00 00 + 	.byte	$00,$00,$00,$00,$00,$00,$00,$00
   224 AE7C 00 3C 00 38 00 00 + 	.byte	$00,$3c,$00,$38,$00,$00,$08,$01
   225 AE84 00 40 00 04 00 00 + 	.byte	$00,$40,$00,$04,$00,$00,$3f,$c0
   226 AE8C 00 00 00 00 00 00 + 	.byte	$00,$00,$00,$00,$00,$00,$00,$00
   227 AE94 00 00 00 00 00 00 + 	.byte	$00,$00,$00,$00,$00,$00,$00,$00
   228 AE9C 00 00 00 00 00 00 + 	.byte	$00,$00,$00,$00,$00,$00,$01,$ff
   229 AEA4 00 7C 00 40 00 00 + 	.byte	$00,$7c,$00,$40,$00,$00,$06,$00
   230 AEAC 80 20 00 04 00 00 + 	.byte	$80,$20,$00,$04,$00,$00,$0f,$f0
   231 AEB4 00 00 00 00 00 00 + 	.byte	$00,$00,$00,$00,$00,$00,$00,$00
   232 AEBC 00 00 00 00 00 00 + 	.byte	$00,$00,$00,$00,$00,$00,$00,$00
   233 AEC4 00 00 00 00 00 00 + 	.byte	$00,$00,$00,$00,$00,$00,$03,$ff
   234 AECC 00 F8 03 80 00 00 + 	.byte	$00,$f8,$03,$80,$00,$00,$01,$00
   235 AED4 40 13 80 04 00 00 + 	.byte	$40,$13,$80,$04,$00,$00,$03,$fc
   236 AEDC 00 00 00 00 00 00 + 	.byte	$00,$00,$00,$00,$00,$00,$00,$00
   237 AEE4 00 00 00 00 00 00 + 	.byte	$00,$00,$00,$00,$00,$00,$00,$00
   238 AEEC 00 00 00 00 00 00 + 	.byte	$00,$00,$00,$00,$00,$00,$07,$ff
   239 AEF4 01 F0 04 03 C0 C0 + 	.byte	$01,$f0,$04,$03,$c0,$c0,$00,$c0
   240 AEFC 20 0C 60 04 00 00 + 	.byte	$20,$0c,$60,$04,$00,$00,$00,$fe
   241 AF04 00 00 00 00 00 00 + 	.byte	$00,$00,$00,$00,$00,$00,$00,$00
   242 AF0C 00 00 00 00 00 00 + 	.byte	$00,$00,$00,$00,$00,$00,$00,$00
   243 AF14 00 00 00 00 00 00 + 	.byte	$00,$00,$00,$00,$00,$00,$1f,$87
   244 AF1C 03 E0 0C 04 30 30 + 	.byte	$03,$e0,$0c,$04,$30,$30,$00,$20
   245 AF24 10 14 1C 1C 00 00 + 	.byte	$10,$14,$1c,$1c,$00,$00,$00,$3e
   246 AF2C 00 00 00 00 00 00 + 	.byte	$00,$00,$00,$00,$00,$00,$00,$00
   247 AF34 00 00 00 00 00 00 + 	.byte	$00,$00,$00,$00,$00,$00,$00,$00
   248 AF3C 00 00 00 00 00 00 + 	.byte	$00,$00,$00,$00,$00,$00,$7f,$1f
   249 AF44 03 C0 10 08 4C 0C + 	.byte	$03,$c0,$10,$08,$4c,$0c,$10,$10
   250 AF4C 0E 24 03 E0 00 00 + 	.byte	$0e,$24,$03,$e0,$00,$00,$00,$0f
   251 AF54 00 00 00 00 00 00 + 	.byte	$00,$00,$00,$00,$00,$00,$00,$00
   252 AF5C 00 07 FF FF FF FF + 	.byte	$00,$07,$ff,$ff,$ff,$ff,$ff,$ff
   253 AF64 FF FF FF FF FF FF + 	.byte	$ff,$ff,$ff,$ff,$ff,$ff,$fe,$3f
   254 AF6C 07 80 20 71 CA 03 + 	.byte	$07,$80,$20,$71,$ca,$03,$08,$10
   255 AF74 0D C2 00 00 00 00 + 	.byte	$0d,$c2,$00,$00,$00,$00,$00,$0f
   256 AF7C 00 00 00 00 00 00 + 	.byte	$00,$00,$00,$00,$00,$00,$00,$00
   257 AF84 07 FF FF FF FF FF + 	.byte	$07,$ff,$ff,$ff,$ff,$ff,$ff,$ff
   258 AF8C FF FF FF FF FF FF + 	.byte	$ff,$ff,$ff,$ff,$ff,$ff,$f8,$7e
   259 AF94 0F 80 20 42 D1 08 + 	.byte	$0f,$80,$20,$42,$d1,$08,$84,$0c
   260 AF9C 0C 01 00 00 00 00 + 	.byte	$0c,$01,$00,$00,$00,$00,$00,$07
   261 AFA4 80 00 00 00 00 00 + 	.byte	$80,$00,$00,$00,$00,$00,$00,$00
   262 AFAC 3F FF FF FF FF FF + 	.byte	$3f,$ff,$ff,$ff,$ff,$ff,$ff,$ff
   263 AFB4 FF FF FF FF FF FF + 	.byte	$ff,$ff,$ff,$ff,$ff,$ff,$e0,$f8
   264 AFBC 1F 00 20 44 60 D4 + 	.byte	$1f,$00,$20,$44,$60,$d4,$42,$0a
   265 AFC4 12 00 80 00 00 00 + 	.byte	$12,$00,$80,$00,$00,$00,$00,$07
   266 AFCC C0 00 00 00 00 00 + 	.byte	$c0,$00,$00,$00,$00,$00,$00,$00
   267 AFD4 FF FF 00 00 00 00 + 	.byte	$ff,$ff,$00,$00,$00,$00,$00,$00
   268 AFDC 00 00 00 00 00 00 + 	.byte	$00,$00,$00,$00,$00,$00,$00,$f0
   269 AFE4 3E 00 40 8A 87 22 + 	.byte	$3e,$00,$40,$8a,$87,$22,$22,$09
   270 AFEC 22 00 40 00 00 00 + 	.byte	$22,$00,$40,$00,$00,$00,$00,$03
   271 AFF4 C0 00 00 00 00 00 + 	.byte	$c0,$00,$00,$00,$00,$00,$00,$01
   272 AFFC FE 00 00 00 00 00 + 	.byte	$fe,$00,$00,$00,$00,$00,$00,$00
   273 B004 00 00 00 00 00 00 + 	.byte	$00,$00,$00,$00,$00,$00,$01,$e0
   274 B00C 7C 00 81 13 0B 01 + 	.byte	$7c,$00,$81,$13,$0b,$01,$13,$0c
   275 B014 C1 00 20 00 00 00 + 	.byte	$c1,$00,$20,$00,$00,$00,$00,$01
   276 B01C E0 00 00 00 00 00 + 	.byte	$e0,$00,$00,$00,$00,$00,$00,$01
   277 B024 E0 00 00 00 00 00 + 	.byte	$e0,$00,$00,$00,$00,$00,$00,$00
   278 B02C 00 00 00 00 00 00 + 	.byte	$00,$00,$00,$00,$00,$00,$01,$c0
   279 B034 78 00 81 24 16 00 + 	.byte	$78,$00,$81,$24,$16,$00,$80,$84
   280 B03C 40 80 10 00 00 00 + 	.byte	$40,$80,$10,$00,$00,$00,$00,$01
   281 B044 E0 00 00 00 00 00 + 	.byte	$e0,$00,$00,$00,$00,$00,$00,$01
   282 B04C C0 00 00 00 00 00 + 	.byte	$c0,$00,$00,$00,$00,$00,$00,$00
   283 B054 00 00 00 00 00 00 + 	.byte	$00,$00,$00,$00,$00,$00,$01,$c0
   284 B05C F0 00 42 59 9C 00 + 	.byte	$f0,$00,$42,$59,$9c,$00,$40,$84
   285 B064 00 60 08 00 00 00 + 	.byte	$00,$60,$08,$00,$00,$00,$00,$00
   286 B06C F0 00 00 00 00 00 + 	.byte	$f0,$00,$00,$00,$00,$00,$00,$01
   287 B074 DF 00 3F FF 03 FC + 	.byte	$df,$00,$3f,$ff,$03,$fc,$3f,$ff
   288 B07C 3C 0F 3F 3F 3F FF + 	.byte	$3c,$0f,$3f,$3f,$3f,$ff,$01,$c1
   289 B084 F0 00 22 90 40 00 + 	.byte	$f0,$00,$22,$90,$40,$00,$20,$43
   290 B08C 00 20 08 00 00 00 + 	.byte	$00,$20,$08,$00,$00,$00,$00,$00
   291 B094 F8 00 00 00 00 00 + 	.byte	$f8,$00,$00,$00,$00,$00,$00,$01
   292 B09C DF 00 3F FF 03 FC + 	.byte	$df,$00,$3f,$ff,$03,$fc,$3f,$ff
   293 B0A4 3C 0F 3F 3F 3F FF + 	.byte	$3c,$0f,$3f,$3f,$3f,$ff,$01,$c3
   294 B0AC E0 00 33 A6 80 00 + 	.byte	$e0,$00,$33,$a6,$80,$00,$40,$01
   295 B0B4 80 20 04 00 00 00 + 	.byte	$80,$20,$04,$00,$00,$00,$00,$00
   296 B0BC 78 00 00 00 00 00 + 	.byte	$78,$00,$00,$00,$00,$00,$00,$01
   297 B0C4 DF 00 3F FF 03 FC + 	.byte	$df,$00,$3f,$ff,$03,$fc,$3f,$ff
   298 B0CC 3C 0F 3F 3F 3F FF + 	.byte	$3c,$0f,$3f,$3f,$3f,$ff,$01,$c7
   299 B0D4 C0 00 09 4A B0 00 + 	.byte	$c0,$00,$09,$4a,$b0,$00,$20,$00
   300 B0DC 40 10 1F 00 00 00 + 	.byte	$40,$10,$1f,$00,$00,$00,$00,$00
   301 B0E4 3C 00 00 00 00 00 + 	.byte	$3c,$00,$00,$00,$00,$00,$00,$01
   302 B0EC CF 00 0F 0F 0F 0F + 	.byte	$cf,$00,$0f,$0f,$0f,$0f,$0f,$0f
   303 B0F4 3C 0F 0F C3 CF 0F + 	.byte	$3c,$0f,$0f,$c3,$cf,$0f,$01,$cf
   304 B0FC 80 00 05 56 C0 00 + 	.byte	$80,$00,$05,$56,$c0,$00,$10,$00
   305 B104 40 08 E0 C0 00 00 + 	.byte	$40,$08,$e0,$c0,$00,$00,$00,$00
   306 B10C 3E 00 00 00 00 00 + 	.byte	$3e,$00,$00,$00,$00,$00,$00,$01
   307 B114 CF 00 0F 0F 0F 0F + 	.byte	$cf,$00,$0f,$0f,$0f,$0f,$0f,$0f
   308 B11C 3C 0F 0F C3 CF 0F + 	.byte	$3c,$0f,$0f,$c3,$cf,$0f,$01,$cf
   309 B124 00 00 04 9C 38 00 + 	.byte	$00,$00,$04,$9c,$38,$00,$08,$00
   310 B12C 40 02 00 E0 00 00 + 	.byte	$40,$02,$00,$e0,$00,$00,$00,$00
   311 B134 1E 00 00 00 00 00 + 	.byte	$1e,$00,$00,$00,$00,$00,$00,$01
   312 B13C CF 00 0F 0F 0F 0F + 	.byte	$cf,$00,$0f,$0f,$0f,$0f,$0f,$0f
   313 B144 3C 0F 0F C3 CF 0F + 	.byte	$3c,$0f,$0f,$c3,$cf,$0f,$01,$de
   314 B14C 00 00 02 40 54 00 + 	.byte	$00,$00,$02,$40,$54,$00,$04,$00
   315 B154 40 0C 03 30 00 00 + 	.byte	$40,$0c,$03,$30,$00,$00,$00,$00
   316 B15C 0F 00 00 00 00 00 + 	.byte	$0f,$00,$00,$00,$00,$00,$00,$01
   317 B164 CF 00 0F 00 3C 0F + 	.byte	$cf,$00,$0f,$00,$3c,$0f,$0f,$00
   318 B16C 3F 0F 0F 03 CF 00 + 	.byte	$3f,$0f,$0f,$03,$cf,$00,$01,$fe
   319 B174 00 00 02 40 D8 00 + 	.byte	$00,$00,$02,$40,$d8,$00,$02,$00
   320 B17C 23 90 04 08 00 00 + 	.byte	$23,$90,$04,$08,$00,$00,$00,$00
   321 B184 0F 00 00 00 00 00 + 	.byte	$0f,$00,$00,$00,$00,$00,$00,$01
   322 B18C CF 00 0F 00 3C 0F + 	.byte	$cf,$00,$0f,$00,$3c,$0f,$0f,$00
   323 B194 3F 0F 0F 03 CF 00 + 	.byte	$3f,$0f,$0f,$03,$cf,$00,$01,$fc
   324 B19C 00 00 02 40 D0 00 + 	.byte	$00,$00,$02,$40,$d0,$00,$01,$00
   325 B1A4 3C 60 08 6C 00 00 + 	.byte	$3c,$60,$08,$6c,$00,$00,$00,$00
   326 B1AC 07 80 00 00 00 00 + 	.byte	$07,$80,$00,$00,$00,$00,$00,$01
   327 B1B4 CF 00 0F 00 3C 0F + 	.byte	$cf,$00,$0f,$00,$3c,$0f,$0f,$00
   328 B1BC 3F 0F 0F 03 CF 00 + 	.byte	$3f,$0f,$0f,$03,$cf,$00,$01,$f8
   329 B1C4 00 00 01 41 70 00 + 	.byte	$00,$00,$01,$41,$70,$00,$00,$80
   330 B1CC 20 38 01 DE 00 00 + 	.byte	$20,$38,$01,$de,$00,$00,$00,$00
   331 B1D4 07 C0 00 00 00 00 + 	.byte	$07,$c0,$00,$00,$00,$00,$00,$01
   332 B1DC CF 00 0F F0 3C 00 + 	.byte	$cf,$00,$0f,$f0,$3c,$00,$0f,$f0
   333 B1E4 3F CF 0F 03 CF F0 + 	.byte	$3f,$cf,$0f,$03,$cf,$f0,$01,$f0
   334 B1EC 00 00 3F 82 C0 00 + 	.byte	$00,$00,$3f,$82,$c0,$00,$00,$80
   335 B1F4 40 04 02 01 00 00 + 	.byte	$40,$04,$02,$01,$00,$00,$00,$00
   336 B1FC 03 C0 00 00 00 00 + 	.byte	$03,$c0,$00,$00,$00,$00,$00,$01
   337 B204 CF 00 0F F0 3C 00 + 	.byte	$cf,$00,$0f,$f0,$3c,$00,$0f,$f0
   338 B20C 3F CF 0F 03 CF F0 + 	.byte	$3f,$cf,$0f,$03,$cf,$f0,$01,$c0
   339 B214 00 00 C1 F1 00 00 + 	.byte	$00,$00,$c1,$f1,$00,$00,$00,$81
   340 B21C 80 02 00 00 80 00 + 	.byte	$80,$02,$00,$00,$80,$00,$00,$00
   341 B224 01 E0 00 00 00 00 + 	.byte	$01,$e0,$00,$00,$00,$00,$00,$01
   342 B22C CF 00 0F F0 3C 00 + 	.byte	$cf,$00,$0f,$f0,$3c,$00,$0f,$f0
   343 B234 3F CF 0F 03 CF F0 + 	.byte	$3f,$cf,$0f,$03,$cf,$f0,$01,$c0
   344 B23C 00 01 00 0E 0E 00 + 	.byte	$00,$01,$00,$0e,$0e,$00,$03,$f3
   345 B244 80 01 00 04 80 00 + 	.byte	$80,$01,$00,$04,$80,$00,$00,$00
   346 B24C 01 E0 00 00 00 00 + 	.byte	$01,$e0,$00,$00,$00,$00,$00,$01
   347 B254 CF 00 0F 00 3C FF + 	.byte	$cf,$00,$0f,$00,$3c,$ff,$0f,$00
   348 B25C 3C FF 0F 03 CF 00 + 	.byte	$3c,$ff,$0f,$03,$cf,$00,$01,$c0
   349 B264 00 01 00 01 F1 00 + 	.byte	$00,$01,$00,$01,$f1,$00,$1c,$0c
   350 B26C 40 00 80 0B 80 00 + 	.byte	$40,$00,$80,$0b,$80,$00,$00,$00
   351 B274 00 F0 00 00 00 00 + 	.byte	$00,$f0,$00,$00,$00,$00,$00,$01
   352 B27C CF 00 0F 00 3C FF + 	.byte	$cf,$00,$0f,$00,$3c,$ff,$0f,$00
   353 B284 3C FF 0F 03 CF 00 + 	.byte	$3c,$ff,$0f,$03,$cf,$00,$01,$c0
   354 B28C 00 01 00 00 00 E0 + 	.byte	$00,$01,$00,$00,$00,$e0,$20,$00
   355 B294 20 00 40 F2 00 00 + 	.byte	$20,$00,$40,$f2,$00,$00,$00,$00
   356 B29C 00 F8 00 00 00 00 + 	.byte	$00,$f8,$00,$00,$00,$00,$00,$01
   357 B2A4 CF 00 0F 00 3C FF + 	.byte	$cf,$00,$0f,$00,$3c,$ff,$0f,$00
   358 B2AC 3C FF 0F 03 CF 00 + 	.byte	$3c,$ff,$0f,$03,$cf,$00,$01,$c0
   359 B2B4 00 02 00 00 00 21 + 	.byte	$00,$02,$00,$00,$00,$21,$c0,$00
   360 B2BC 20 00 21 21 00 00 + 	.byte	$20,$00,$21,$21,$00,$00,$00,$00
   361 B2C4 00 78 00 00 00 00 + 	.byte	$00,$78,$00,$00,$00,$00,$00,$01
   362 B2CC CF 0F 0F 03 FC 0F + 	.byte	$cf,$0f,$0f,$03,$fc,$0f,$0f,$03
   363 B2D4 FC 3F 0F 03 CF 03 + 	.byte	$fc,$3f,$0f,$03,$cf,$03,$f7,$c0
   364 B2DC 00 04 00 00 00 22 + 	.byte	$00,$04,$00,$00,$00,$22,$00,$00
   365 B2E4 20 00 22 00 80 00 + 	.byte	$20,$00,$22,$00,$80,$00,$00,$00
   366 B2EC 00 3C 00 00 00 00 + 	.byte	$00,$3c,$00,$00,$00,$00,$00,$01
   367 B2F4 CF 0F 0F 03 FC 0F + 	.byte	$cf,$0f,$0f,$03,$fc,$0f,$0f,$03
   368 B2FC FC 3F 0F 03 CF 03 + 	.byte	$fc,$3f,$0f,$03,$cf,$03,$f7,$c0
   369 B304 00 04 00 00 00 1C + 	.byte	$00,$04,$00,$00,$00,$1c,$00,$00
   370 B30C 10 00 25 00 7C 00 + 	.byte	$10,$00,$25,$00,$7c,$00,$00,$00
   371 B314 00 3C 00 00 00 00 + 	.byte	$00,$3c,$00,$00,$00,$00,$00,$01
   372 B31C CF 0F 0F 03 FC 0F + 	.byte	$cf,$0f,$0f,$03,$fc,$0f,$0f,$03
   373 B324 FC 3F 0F 03 CF 03 + 	.byte	$fc,$3f,$0f,$03,$cf,$03,$f7,$c0
   374 B32C 00 04 00 00 00 00 + 	.byte	$00,$04,$00,$00,$00,$00,$00,$00
   375 B334 08 00 28 80 24 00 + 	.byte	$08,$00,$28,$80,$24,$00,$00,$00
   376 B33C 00 1E 00 00 00 00 + 	.byte	$00,$1e,$00,$00,$00,$00,$00,$01
   377 B344 CF FF 0F 0F 0F 0F + 	.byte	$cf,$ff,$0f,$0f,$0f,$0f,$0f,$0f
   378 B34C 3C 0F 0F 03 CF 0F + 	.byte	$3c,$0f,$0f,$03,$cf,$0f,$07,$80
   379 B354 00 08 00 00 00 00 + 	.byte	$00,$08,$00,$00,$00,$00,$00,$00
   380 B35C 04 00 70 40 12 00 + 	.byte	$04,$00,$70,$40,$12,$00,$00,$00
   381 B364 00 1F 00 00 00 00 + 	.byte	$00,$1f,$00,$00,$00,$00,$00,$03
   382 B36C CF FF 0F 0F 0F 0F + 	.byte	$cf,$ff,$0f,$0f,$0f,$0f,$0f,$0f
   383 B374 3C 0F 0F 03 CF 0F + 	.byte	$3c,$0f,$0f,$03,$cf,$0f,$07,$80
   384 B37C 00 10 00 00 00 00 + 	.byte	$00,$10,$00,$00,$00,$00,$00,$00
   385 B384 04 00 80 30 0A 00 + 	.byte	$04,$00,$80,$30,$0a,$00,$00,$00
   386 B38C 00 0F 00 00 00 00 + 	.byte	$00,$0f,$00,$00,$00,$00,$00,$07
   387 B394 CF FF 0F 0F 0F 0F + 	.byte	$cf,$ff,$0f,$0f,$0f,$0f,$0f,$0f
   388 B39C 3C 0F 0F 03 CF 0F + 	.byte	$3c,$0f,$0f,$03,$cf,$0f,$07,$00
   389 B3A4 00 20 00 00 00 00 + 	.byte	$00,$20,$00,$00,$00,$00,$00,$00
   390 B3AC 04 01 00 08 11 00 + 	.byte	$04,$01,$00,$08,$11,$00,$00,$00
   391 B3B4 00 07 80 00 00 00 + 	.byte	$00,$07,$80,$00,$00,$00,$00,$07
   392 B3BC 8F F0 0F FC 03 FC + 	.byte	$8f,$f0,$0f,$fc,$03,$fc,$0f,$fc
   393 B3C4 3C 0F 3C FF 0F FC + 	.byte	$3c,$0f,$3c,$ff,$0f,$fc,$0f,$00
   394 B3CC 00 20 00 00 00 00 + 	.byte	$00,$20,$00,$00,$00,$00,$00,$00
   395 B3D4 08 06 00 06 21 00 + 	.byte	$08,$06,$00,$06,$21,$00,$00,$00
   396 B3DC 00 07 C0 00 00 00 + 	.byte	$00,$07,$c0,$00,$00,$00,$00,$07
   397 B3E4 0F F0 0F FC 03 FC + 	.byte	$0f,$f0,$0f,$fc,$03,$fc,$0f,$fc
   398 B3EC 3C 0F 3C FF 0F FC + 	.byte	$3c,$0f,$3c,$ff,$0f,$fc,$1f,$00
   399 B3F4 00 20 00 00 00 00 + 	.byte	$00,$20,$00,$00,$00,$00,$00,$00
   400 B3FC 08 08 00 05 42 00 + 	.byte	$08,$08,$00,$05,$42,$00,$00,$00
   401 B404 00 03 C0 00 00 00 + 	.byte	$00,$03,$c0,$00,$00,$00,$00,$0f
   402 B40C 0F F0 0F FC 03 FC + 	.byte	$0f,$f0,$0f,$fc,$03,$fc,$0f,$fc
   403 B414 3C 0F 3C FF 0F FC + 	.byte	$3c,$0f,$3c,$ff,$0f,$fc,$3e,$00
   404 B41C 00 20 00 00 00 00 + 	.byte	$00,$20,$00,$00,$00,$00,$00,$00
   405 B424 08 30 00 04 82 00 + 	.byte	$08,$30,$00,$04,$82,$00,$00,$00
   406 B42C 00 01 E0 00 00 00 + 	.byte	$00,$01,$e0,$00,$00,$00,$00,$1f
   407 B434 00 00 00 00 00 00 + 	.byte	$00,$00,$00,$00,$00,$00,$00,$00
   408 B43C 00 00 00 00 00 00 + 	.byte	$00,$00,$00,$00,$00,$00,$fc,$00
   409 B444 00 40 00 00 00 00 + 	.byte	$00,$40,$00,$00,$00,$00,$00,$00
   410 B44C 0B C0 00 02 04 08 + 	.byte	$0b,$c0,$00,$02,$04,$08,$00,$02
   411 B454 00 01 E0 00 00 00 + 	.byte	$00,$01,$e0,$00,$00,$00,$00,$1e
   412 B45C 00 00 00 00 00 00 + 	.byte	$00,$00,$00,$00,$00,$00,$00,$00
   413 B464 00 00 00 00 1F FF + 	.byte	$00,$00,$00,$00,$1f,$ff,$f8,$00
   414 B46C 00 80 00 00 00 00 + 	.byte	$00,$80,$00,$00,$00,$00,$00,$00
   415 B474 0C 00 00 02 3C 0E + 	.byte	$0c,$00,$00,$02,$3c,$0e,$00,$03
   416 B47C 00 00 F0 00 00 00 + 	.byte	$00,$00,$f0,$00,$00,$00,$00,$1c
   417 B484 00 00 00 00 00 00 + 	.byte	$00,$00,$00,$00,$00,$00,$00,$00
   418 B48C 00 00 00 07 FF FF + 	.byte	$00,$00,$00,$07,$ff,$ff,$f0,$00
   419 B494 00 80 00 00 00 00 + 	.byte	$00,$80,$00,$00,$00,$00,$00,$00
   420 B49C 71 00 00 03 C0 09 + 	.byte	$71,$00,$00,$03,$c0,$09,$00,$01
   421 B4A4 80 00 F8 00 00 00 + 	.byte	$80,$00,$f8,$00,$00,$00,$00,$3c
   422 B4AC 01 FF FF FF FF FF + 	.byte	$01,$ff,$ff,$ff,$ff,$ff,$ff,$ff
   423 B4B4 FF FF FF FF FF FF + 	.byte	$ff,$ff,$ff,$ff,$ff,$ff,$d0,$00
   424 B4BC 00 80 78 00 00 00 + 	.byte	$00,$80,$78,$00,$00,$00,$00,$00
   425 B4C4 80 80 00 00 00 10 + 	.byte	$80,$80,$00,$00,$00,$10,$80,$01
   426 B4CC 40 00 78 00 00 00 + 	.byte	$40,$00,$78,$00,$00,$00,$00,$38
   427 B4D4 03 FF FF FF FF FF + 	.byte	$03,$ff,$ff,$ff,$ff,$ff,$ff,$ff
   428 B4DC FF FF FF FF FC 00 + 	.byte	$ff,$ff,$ff,$ff,$fc,$00,$0c,$00
   429 B4E4 01 80 84 00 00 00 + 	.byte	$01,$80,$84,$00,$00,$00,$00,$01
   430 B4EC 00 40 00 00 00 10 + 	.byte	$00,$40,$00,$00,$00,$10,$60,$00
   431 B4F4 A0 00 3E 00 00 00 + 	.byte	$a0,$00,$3e,$00,$00,$00,$00,$38
   432 B4FC 0F FF FF FF FF FF + 	.byte	$0f,$ff,$ff,$ff,$ff,$ff,$ff,$ff
   433 B504 FF FF FF FF 00 00 + 	.byte	$ff,$ff,$ff,$ff,$00,$00,$02,$00
   434 B50C 01 01 06 00 00 00 + 	.byte	$01,$01,$06,$00,$00,$00,$00,$0e
   435 B514 00 20 00 00 00 10 + 	.byte	$00,$20,$00,$00,$00,$10,$10,$00
   436 B51C 90 00 3F 80 00 00 + 	.byte	$90,$00,$3f,$80,$00,$00,$00,$3c
   437 B524 1F 80 00 00 00 00 + 	.byte	$1f,$80,$00,$00,$00,$00,$00,$00
   438 B52C 00 1F 80 00 00 00 + 	.byte	$00,$1f,$80,$00,$00,$00,$01,$80
   439 B534 01 00 11 00 00 00 + 	.byte	$01,$00,$11,$00,$00,$00,$00,$70
   440 B53C 00 10 00 00 00 10 + 	.byte	$00,$10,$00,$00,$00,$10,$08,$00
   441 B544 48 00 1F E0 00 00 + 	.byte	$48,$00,$1f,$e0,$00,$00,$00,$3c
   442 B54C FF 80 00 00 00 00 + 	.byte	$ff,$80,$00,$00,$00,$00,$00,$00
   443 B554 00 FF 80 00 00 00 + 	.byte	$00,$ff,$80,$00,$00,$00,$00,$40
   444 B55C 01 00 60 C0 00 7F + 	.byte	$01,$00,$60,$c0,$00,$7f,$e0,$80
   445 B564 00 10 00 00 00 20 + 	.byte	$00,$10,$00,$00,$00,$20,$06,$00
   446 B56C 48 00 1F F0 00 00 + 	.byte	$48,$00,$1f,$f0,$00,$00,$00,$3d
   447 B574 FC 00 00 00 00 00 + 	.byte	$fc,$00,$00,$00,$00,$00,$00,$00
   448 B57C 07 FE 00 00 00 00 + 	.byte	$07,$fe,$00,$00,$00,$00,$00,$20
   449 B584 01 00 80 B8 3F 80 + 	.byte	$01,$00,$80,$b8,$3f,$80,$1f,$00
   450 B58C 00 10 00 00 00 20 + 	.byte	$00,$10,$00,$00,$00,$20,$01,$00
   451 B594 44 00 0F FC 00 00 + 	.byte	$44,$00,$0f,$fc,$00,$00,$00,$3f
   452 B59C F8 00 00 00 00 00 + 	.byte	$f8,$00,$00,$00,$00,$00,$00,$00
   453 B5A4 1F F8 00 00 00 00 + 	.byte	$1f,$f8,$00,$00,$00,$00,$00,$18
   454 B5AC 01 01 00 43 C0 00 + 	.byte	$01,$01,$00,$43,$c0,$00,$00,$00
   455 B5B4 00 08 00 00 00 20 + 	.byte	$00,$08,$00,$00,$00,$20,$00,$80
   456 B5BC 22 00 02 7E 00 00 + 	.byte	$22,$00,$02,$7e,$00,$00,$00,$3f
   457 B5C4 C0 00 00 00 00 00 + 	.byte	$c0,$00,$00,$00,$00,$00,$00,$00
   458 B5CC FF C0 00 00 00 00 + 	.byte	$ff,$c0,$00,$00,$00,$00,$00,$04
   459 B5D4 02 02 00 70 C0 00 + 	.byte	$02,$02,$00,$70,$c0,$00,$00,$00
   460 B5DC 00 08 00 00 00 20 + 	.byte	$00,$08,$00,$00,$00,$20,$00,$60
   461 B5E4 21 00 02 3F 80 00 + 	.byte	$21,$00,$02,$3f,$80,$00,$00,$07
   462 B5EC 80 00 00 00 00 00 + 	.byte	$80,$00,$00,$00,$00,$00,$00,$0f
   463 B5F4 FE 00 00 00 00 00 + 	.byte	$fe,$00,$00,$00,$00,$00,$00,$03
   464 B5FC 04 00 00 0F 00 00 + 	.byte	$04,$00,$00,$0f,$00,$00,$00,$00
   465 B604 00 04 00 00 00 20 + 	.byte	$00,$04,$00,$00,$00,$20,$00,$10
   466 B60C 10 80 02 0F E0 00 + 	.byte	$10,$80,$02,$0f,$e0,$00,$00,$07
   467 B614 00 00 00 00 00 00 + 	.byte	$00,$00,$00,$00,$00,$00,$00,$ff
   468 B61C F8 00 00 00 00 00 + 	.byte	$f8,$00,$00,$00,$00,$00,$00,$00
   469 B624 84 00 00 00 00 18 + 	.byte	$84,$00,$00,$00,$00,$18,$00,$00
   470 B62C 00 04 00 00 00 40 + 	.byte	$00,$04,$00,$00,$00,$40,$00,$0c
   471 B634 10 40 02 07 F0 00 + 	.byte	$10,$40,$02,$07,$f0,$00,$00,$00
   472 B63C 00 00 00 00 00 00 + 	.byte	$00,$00,$00,$00,$00,$00,$0f,$ff
   473 B644 C0 00 00 00 00 00 + 	.byte	$c0,$00,$00,$00,$00,$00,$00,$00
   474 B64C 64 00 00 00 00 0C + 	.byte	$64,$00,$00,$00,$00,$0c,$00,$00
   475 B654 00 04 00 00 00 40 + 	.byte	$00,$04,$00,$00,$00,$40,$00,$02
   476 B65C 10 20 02 01 FC 00 + 	.byte	$10,$20,$02,$01,$fc,$00,$00,$00
   477 B664 00 00 00 00 00 00 + 	.byte	$00,$00,$00,$00,$00,$00,$ff,$fc
   478 B66C 00 00 00 00 00 00 + 	.byte	$00,$00,$00,$00,$00,$00,$00,$00
   479 B674 18 00 00 00 00 03 + 	.byte	$18,$00,$00,$00,$00,$03,$00,$00
   480 B67C 00 05 80 00 00 40 + 	.byte	$00,$05,$80,$00,$00,$40,$00,$01
   481 B684 08 10 02 00 7E 00 + 	.byte	$08,$10,$02,$00,$7e,$00,$00,$00
   482 B68C 00 00 00 00 00 07 + 	.byte	$00,$00,$00,$00,$00,$07,$ff,$c0
   483 B694 00 00 00 00 00 00 + 	.byte	$00,$00,$00,$00,$00,$00,$00,$00
   484 B69C 10 00 00 00 00 00 + 	.byte	$10,$00,$00,$00,$00,$00,$80,$80
   485 B6A4 00 04 70 00 00 40 + 	.byte	$00,$04,$70,$00,$00,$40,$00,$00
   486 B6AC C8 08 02 00 3F 80 + 	.byte	$c8,$08,$02,$00,$3f,$80,$00,$00
   487 B6B4 00 00 00 00 00 7F + 	.byte	$00,$00,$00,$00,$00,$7f,$fc,$00
   488 B6BC 00 00 00 00 00 00 + 	.byte	$00,$00,$00,$00,$00,$00,$00,$00
   489 B6C4 10 00 00 00 00 00 + 	.byte	$10,$00,$00,$00,$00,$00,$63,$00
   490 B6CC 00 04 0E 00 00 80 + 	.byte	$00,$04,$0e,$00,$00,$80,$00,$00
   491 B6D4 24 04 02 00 0F E0 + 	.byte	$24,$04,$02,$00,$0f,$e0,$00,$00
   492 B6DC 00 00 00 00 07 FF + 	.byte	$00,$00,$00,$00,$07,$ff,$c0,$00
   493 B6E4 00 00 00 00 00 00 + 	.byte	$00,$00,$00,$00,$00,$00,$00,$00
   494 B6EC 20 00 00 00 00 00 + 	.byte	$20,$00,$00,$00,$00,$00,$1c,$00
   495 B6F4 00 04 01 C0 00 80 + 	.byte	$00,$04,$01,$c0,$00,$80,$00,$00
   496 B6FC 14 02 02 00 07 F0 + 	.byte	$14,$02,$02,$00,$07,$f0,$00,$00
   497 B704 00 00 00 00 7F FE + 	.byte	$00,$00,$00,$00,$7f,$fe,$00,$00
   498 B70C 00 00 00 00 00 00 + 	.byte	$00,$00,$00,$00,$00,$00,$00,$00
   499 B714 20 00 00 00 00 00 + 	.byte	$20,$00,$00,$00,$00,$00,$00,$00
   500 B71C 00 04 00 38 00 80 + 	.byte	$00,$04,$00,$38,$00,$80,$00,$00
   501 B724 0E 01 02 00 01 FC + 	.byte	$0e,$01,$02,$00,$01,$fc,$00,$00
   502 B72C 00 00 00 01 FF E0 + 	.byte	$00,$00,$00,$01,$ff,$e0,$00,$00
   503 B734 00 00 00 00 00 00 + 	.byte	$00,$00,$00,$00,$00,$00,$00,$00
   504 B73C 20 00 00 00 00 00 + 	.byte	$20,$00,$00,$00,$00,$00,$00,$00
   505 B744 00 02 00 07 00 80 + 	.byte	$00,$02,$00,$07,$00,$80,$00,$00
   506 B74C 02 00 82 00 00 7F + 	.byte	$02,$00,$82,$00,$00,$7f,$00,$00
   507 B754 00 00 00 07 FE 00 + 	.byte	$00,$00,$00,$07,$fe,$00,$00,$00
   508 B75C 00 00 00 00 00 00 + 	.byte	$00,$00,$00,$00,$00,$00,$00,$00
   509 B764 20 00 00 00 00 00 + 	.byte	$20,$00,$00,$00,$00,$00,$00,$00
   510 B76C 00 01 00 00 E1 00 + 	.byte	$00,$01,$00,$00,$e1,$00,$00,$00
   511 B774 00 00 82 00 00 3F + 	.byte	$00,$00,$82,$00,$00,$3f,$80,$00
   512 B77C 00 00 00 0F E0 00 + 	.byte	$00,$00,$00,$0f,$e0,$00,$00,$00
   513 B784 00 00 00 00 00 00 + 	.byte	$00,$00,$00,$00,$00,$00,$00,$00
   514 B78C 10 00 00 00 00 00 + 	.byte	$10,$00,$00,$00,$00,$00,$00,$00
   515 B794 00 01 00 00 1D 00 + 	.byte	$00,$01,$00,$00,$1d,$00,$00,$00
   516 B79C 00 00 42 00 00 0F + 	.byte	$00,$00,$42,$00,$00,$0f,$e0,$00
   517 B7A4 00 00 00 3F 80 00 + 	.byte	$00,$00,$00,$3f,$80,$00,$00,$00
   518 B7AC 00 00 00 00 00 00 + 	.byte	$00,$00,$00,$00,$00,$00,$00,$00
   519 B7B4 10 00 00 00 00 00 + 	.byte	$10,$00,$00,$00,$00,$00,$00,$00
   520 B7BC 00 01 80 00 03 00 + 	.byte	$00,$01,$80,$00,$03,$00,$00,$00
   521 B7C4 00 00 22 00 00 03 + 	.byte	$00,$00,$22,$00,$00,$03,$f0,$00
   522 B7CC 00 00 00 7E 00 00 + 	.byte	$00,$00,$00,$7e,$00,$00,$00,$00
   523 B7D4 00 00 00 00 00 00 + 	.byte	$00,$00,$00,$00,$00,$00,$00,$00
   524 B7DC 10 00 00 00 00 00 + 	.byte	$10,$00,$00,$00,$00,$00,$00,$00
   525 B7E4 00 00 80 00 00 00 + 	.byte	$00,$00,$80,$00,$00,$00,$00,$00
   526 B7EC 00 00 12 00 00 01 + 	.byte	$00,$00,$12,$00,$00,$01,$fc,$00
   527 B7F4 00 00 01 FC 00 00 + 	.byte	$00,$00,$01,$fc,$00,$00,$00,$00
   528 B7FC 00 00 00 00 00 00 + 	.byte	$00,$00,$00,$00,$00,$00,$00,$00
   529 B804 10 00 00 00 00 00 + 	.byte	$10,$00,$00,$00,$00,$00,$00,$00
   530 B80C 00 00 C0 00 00 00 + 	.byte	$00,$00,$c0,$00,$00,$00,$00,$00
   531 B814 00 00 0A 00 00 00 + 	.byte	$00,$00,$0a,$00,$00,$00,$7f,$00
   532 B81C 00 00 03 F0 00 00 + 	.byte	$00,$00,$03,$f0,$00,$00,$00,$00
   533 B824 00 00 00 00 00 00 + 	.byte	$00,$00,$00,$00,$00,$00,$00,$00
   534 B82C 10 00 00 00 00 00 + 	.byte	$10,$00,$00,$00,$00,$00,$00,$00
   535 B834 00 00 40 00 00 00 + 	.byte	$00,$00,$40,$00,$00,$00,$00,$00
   536 B83C 00 00 06 00 00 00 + 	.byte	$00,$00,$06,$00,$00,$00,$3f,$00
   537 B844 00 00 0F E0 00 00 + 	.byte	$00,$00,$0f,$e0,$00,$00,$00,$00
   538 B84C 00 00 00 00 00 00 + 	.byte	$00,$00,$00,$00,$00,$00,$00,$00
   539 B854 10 00 00 00 00 00 + 	.byte	$10,$00,$00,$00,$00,$00,$00,$00
   540 B85C 00 00 40 00 00 00 + 	.byte	$00,$00,$40,$00,$00,$00,$00,$00
   541 B864 00 00 02 00 00 00 + 	.byte	$00,$00,$02,$00,$00,$00,$0f,$00
   542 B86C 00 00 1F 80 00 00 + 	.byte	$00,$00,$1f,$80,$00,$00,$00,$00
   543 B874 00 00 00 00 00 00 + 	.byte	$00,$00,$00,$00,$00,$00,$00,$00
   544 B87C 10 00 00 00 00 00 + 	.byte	$10,$00,$00,$00,$00,$00,$00,$00
   545 B884 00 00 40 00 00 00 + 	.byte	$00,$00,$40,$00,$00,$00,$00,$00
   546 B88C 00 00 00 00 00 00 + 	.byte	$00,$00,$00,$00,$00,$00,$03,$00
   547 B894 00 00 7F 00 00 00 + 	.byte	$00,$00,$7f,$00,$00,$00,$00,$00
   548 B89C 00 00 00 00 00 00 + 	.byte	$00,$00,$00,$00,$00,$00,$00,$00
   549 B8A4 10 00 00 00 00 00 + 	.byte	$10,$00,$00,$00,$00,$00,$00,$00
   550 B8AC 00 00 40 00 00 00 + 	.byte	$00,$00,$40,$00,$00,$00,$00,$00
   551 B8B4 00 00 00 00 00 00 + 	.byte	$00,$00,$00,$00,$00,$00,$00,$00
   552 B8BC 00 00 FC 00 00 00 + 	.byte	$00,$00,$fc,$00,$00,$00,$00,$00
   553 B8C4 00 00 00 00 00 00 + 	.byte	$00,$00,$00,$00,$00,$00,$00,$00
   554 B8CC 10 00 00 00 00 00 + 	.byte	$10,$00,$00,$00,$00,$00,$00,$70
   555 B8D4 00 00 40 00 00 00 + 	.byte	$00,$00,$40,$00,$00,$00,$00,$00
   556 B8DC 00 00 00 00 00 00 + 	.byte	$00,$00,$00,$00,$00,$00,$00,$00
   557 B8E4 00 03 F8 00 00 00 + 	.byte	$00,$03,$f8,$00,$00,$00,$00,$00
   558 B8EC 00 00 00 00 00 00 + 	.byte	$00,$00,$00,$00,$00,$00,$00,$00
   559 B8F4 08 00 7E 00 00 00 + 	.byte	$08,$00,$7e,$00,$00,$00,$00,$88
   560 B8FC 00 00 40 00 00 00 + 	.byte	$00,$00,$40,$00,$00,$00,$00,$00
   561 B904 00 00 00 00 00 00 + 	.byte	$00,$00,$00,$00,$00,$00,$00,$00
   562 B90C 00 07 E0 00 00 00 + 	.byte	$00,$07,$e0,$00,$00,$00,$00,$00
   563 B914 00 00 00 00 00 00 + 	.byte	$00,$00,$00,$00,$00,$00,$00,$00
   564 B91C 08 01 83 80 00 00 + 	.byte	$08,$01,$83,$80,$00,$00,$0f,$04
   565 B924 00 00 20 00 00 00 + 	.byte	$00,$00,$20,$00,$00,$00,$00,$00
   566 B92C 00 00 00 00 00 00 + 	.byte	$00,$00,$00,$00,$00,$00,$00,$00
   567 B934 00 1F C0 00 00 00 + 	.byte	$00,$1f,$c0,$00,$00,$00,$00,$00
   568 B93C 00 00 00 00 00 00 + 	.byte	$00,$00,$00,$00,$00,$00,$00,$00
   569 B944 08 02 00 C0 00 00 + 	.byte	$08,$02,$00,$c0,$00,$00,$10,$04
   570 B94C 00 00 10 00 00 00 + 	.byte	$00,$00,$10,$00,$00,$00,$00,$00
   571 B954 00 00 00 00 00 00 + 	.byte	$00,$00,$00,$00,$00,$00,$00,$00
   572 B95C 00 3F 00 00 00 00 + 	.byte	$00,$3f,$00,$00,$00,$00,$00,$00
   573 B964 00 00 00 00 00 00 + 	.byte	$00,$00,$00,$00,$00,$00,$00,$00
   574 B96C 0B FC 00 20 00 00 + 	.byte	$0b,$fc,$00,$20,$00,$00,$60,$42
   575 B974 00 00 10 00 00 00 + 	.byte	$00,$00,$10,$00,$00,$00,$00,$00
   576 B97C 00 00 00 00 00 00 + 	.byte	$00,$00,$00,$00,$00,$00,$00,$00
   577 B984 00 7E 00 00 00 00 + 	.byte	$00,$7e,$00,$00,$00,$00,$00,$00
   578 B98C 00 00 00 00 00 00 + 	.byte	$00,$00,$00,$00,$00,$00,$00,$00
   579 B994 08 00 3C 1F 00 00 + 	.byte	$08,$00,$3c,$1f,$00,$00,$80,$a1
   580 B99C 00 00 10 00 00 00 + 	.byte	$00,$00,$10,$00,$00,$00,$00,$00
   581 B9A4 00 00 00 00 00 00 + 	.byte	$00,$00,$00,$00,$00,$00,$00,$00
   582 B9AC 01 F8 00 00 00 00 + 	.byte	$01,$f8,$00,$00,$00,$00,$00,$00
   583 B9B4 00 00 00 00 00 00 + 	.byte	$00,$00,$00,$00,$00,$00,$00,$00
   584 B9BC 08 00 64 00 FF 01 + 	.byte	$08,$00,$64,$00,$ff,$01,$01,$19
   585 B9C4 00 00 10 00 00 00 + 	.byte	$00,$00,$10,$00,$00,$00,$00,$00
   586 B9CC 00 00 00 00 00 00 + 	.byte	$00,$00,$00,$00,$00,$00,$00,$00
   587 B9D4 03 F0 00 00 00 00 + 	.byte	$03,$f0,$00,$00,$00,$00,$00,$00
   588 B9DC 00 00 00 00 00 00 + 	.byte	$00,$00,$00,$00,$00,$00,$00,$00
   589 B9E4 08 00 82 00 00 C1 + 	.byte	$08,$00,$82,$00,$00,$c1,$0e,$09
   590 B9EC 80 00 10 00 00 00 + 	.byte	$80,$00,$10,$00,$00,$00,$00,$00
   591 B9F4 00 00 00 00 00 00 + 	.byte	$00,$00,$00,$00,$00,$00,$00,$00
   592 B9FC 0F E0 00 00 00 00 + 	.byte	$0f,$e0,$00,$00,$00,$00,$00,$00
   593 BA04 00 00 00 00 00 00 + 	.byte	$00,$00,$00,$00,$00,$00,$00,$00
   594 BA0C 10 00 83 00 00 22 + 	.byte	$10,$00,$83,$00,$00,$22,$08,$18
   595 BA14 40 00 08 00 00 00 + 	.byte	$40,$00,$08,$00,$00,$00,$00,$00
   596 BA1C 00 00 00 00 00 00 + 	.byte	$00,$00,$00,$00,$00,$00,$00,$00
   597 BA24 1F 80 00 00 00 00 + 	.byte	$1f,$80,$00,$00,$00,$00,$00,$00
   598 BA2C 00 00 00 00 00 00 + 	.byte	$00,$00,$00,$00,$00,$00,$00,$00
   599 BA34 20 00 81 00 00 10 + 	.byte	$20,$00,$81,$00,$00,$10,$18,$20
   600 BA3C 40 00 04 00 00 00 + 	.byte	$40,$00,$04,$00,$00,$00,$00,$00
   601 BA44 00 00 00 00 00 00 + 	.byte	$00,$00,$00,$00,$00,$00,$00,$00
   602 BA4C 7F 00 00 00 00 00 + 	.byte	$7f,$00,$00,$00,$00,$00,$00,$00
   603 BA54 00 00 00 00 00 00 + 	.byte	$00,$00,$00,$00,$00,$00,$00,$00
   604 BA5C 40 01 81 00 00 08 + 	.byte	$40,$01,$81,$00,$00,$08,$26,$20
   605 BA64 40 00 02 00 00 00 + 	.byte	$40,$00,$02,$00,$00,$00,$00,$00
   606 BA6C 00 00 00 00 00 00 + 	.byte	$00,$00,$00,$00,$00,$00,$00,$00
   607 BA74 FC 00 00 00 00 00 + 	.byte	$fc,$00,$00,$00,$00,$00,$00,$00
   608 BA7C 00 00 00 00 00 00 + 	.byte	$00,$00,$00,$00,$00,$00,$00,$00
   609 BA84 C0 00 81 00 00 09 + 	.byte	$c0,$00,$81,$00,$00,$09,$31,$20
   610 BA8C 20 00 01 00 00 00 + 	.byte	$20,$00,$01,$00,$00,$00,$00,$00
   611 BA94 00 00 00 00 00 00 + 	.byte	$00,$00,$00,$00,$00,$00,$00,$03
   612 BA9C F8 00 00 00 00 00 + 	.byte	$f8,$00,$00,$00,$00,$00,$00,$00
   613 BAA4 00 00 00 00 00 00 + 	.byte	$00,$00,$00,$00,$00,$00,$00,$00
   614 BAAC 80 00 42 00 00 09 + 	.byte	$80,$00,$42,$00,$00,$09,$a8,$e0
   615 BAB4 10 00 01 00 1E 00 + 	.byte	$10,$00,$01,$00,$1e,$00,$00,$00
   616 BABC 00 00 00 00 00 00 + 	.byte	$00,$00,$00,$00,$00,$00,$00,$07
   617 BAC4 E0 00 00 00 00 00 + 	.byte	$e0,$00,$00,$00,$00,$00,$00,$00
   618 BACC 00 00 00 00 00 00 + 	.byte	$00,$00,$00,$00,$00,$00,$00,$00
   619 BAD4 80 00 7C 00 00 09 + 	.byte	$80,$00,$7c,$00,$00,$09,$64,$40
   620 BADC 08 00 72 07 E1 00 + 	.byte	$08,$00,$72,$07,$e1,$00,$00,$00
   621 BAE4 00 00 00 00 00 00 + 	.byte	$00,$00,$00,$00,$00,$00,$00,$1f
   622 BAEC C0 00 00 00 00 00 + 	.byte	$c0,$00,$00,$00,$00,$00,$00,$00
   623 BAF4 00 00 00 00 00 00 + 	.byte	$00,$00,$00,$00,$00,$00,$00,$00
   624 BAFC 9F C0 00 00 00 1A + 	.byte	$9f,$c0,$00,$00,$00,$1a,$03,$80
   625 BB04 08 01 8F B8 00 E0 + 	.byte	$08,$01,$8f,$b8,$00,$e0,$00,$00
   626 BB0C 00 00 00 00 00 00 + 	.byte	$00,$00,$00,$00,$00,$00,$00,$3f
   627 BB14 00 00 00 00 00 00 + 	.byte	$00,$00,$00,$00,$00,$00,$00,$00
   628 BB1C 00 00 00 00 00 00 + 	.byte	$00,$00,$00,$00,$00,$00,$00,$00
   629 BB24 84 20 00 0F F0 66 + 	.byte	$84,$20,$00,$0f,$f0,$66,$00,$80
   630 BB2C 08 06 00 40 00 1C + 	.byte	$08,$06,$00,$40,$00,$1c,$00,$00
   631 BB34 00 00 00 00 00 00 + 	.byte	$00,$00,$00,$00,$00,$00,$00,$fe
   632 BB3C 00 00 00 00 00 00 + 	.byte	$00,$00,$00,$00,$00,$00,$00,$00
   633 BB44 00 00 00 00 00 00 + 	.byte	$00,$00,$00,$00,$00,$00,$00,$01
   634 BB4C 84 10 00 70 0F B1 + 	.byte	$84,$10,$00,$70,$0f,$b1,$01,$00
   635 BB54 08 18 00 20 7E 02 + 	.byte	$08,$18,$00,$20,$7e,$02,$00,$00
   636 BB5C 00 00 00 00 00 00 + 	.byte	$00,$00,$00,$00,$00,$00,$00,$f8
   637 BB64 00 00 00 00 00 00 + 	.byte	$00,$00,$00,$00,$00,$00,$00,$00
   638 BB6C 00 00 00 00 00 00 + 	.byte	$00,$00,$00,$00,$00,$00,$00,$01
   639 BB74 04 0C 03 80 00 20 + 	.byte	$04,$0c,$03,$80,$00,$20,$81,$00
   640 BB7C 0C 20 00 1F 81 01 + 	.byte	$0c,$20,$00,$1f,$81,$01,$80,$00
   641 BB84 00 00 00 00 00 00 + 	.byte	$00,$00,$00,$00,$00,$00,$00,$f0
   642 BB8C 00 00 00 00 00 00 + 	.byte	$00,$00,$00,$00,$00,$00,$00,$00
   643 BB94 00 00 00 00 00 00 + 	.byte	$00,$00,$00,$00,$00,$00,$00,$03
   644 BB9C 04 03 FC 00 00 20 + 	.byte	$04,$03,$fc,$00,$00,$20,$81,$00
   645 BBA4 02 41 F8 08 00 E0 + 	.byte	$02,$41,$f8,$08,$00,$e0,$40,$00
   646 BBAC 00 00 00 00 00 00 + 	.byte	$00,$00,$00,$00,$00,$00,$00,$c0
   647 BBB4 00 00 00 00 00 00 + 	.byte	$00,$00,$00,$00,$00,$00,$00,$00
   648 BBBC 00 00 00 00 00 00 + 	.byte	$00,$00,$00,$00,$00,$00,$00,$04
   649 BBC4 04 00 00 00 00 20 + 	.byte	$04,$00,$00,$00,$00,$20,$c0,$80
   650 BBCC 0C 86 07 04 00 10 + 	.byte	$0c,$86,$07,$04,$00,$10,$20,$00
   651 BBD4 00 00 00 00 00 00 + 	.byte	$00,$00,$00,$00,$00,$00,$00,$00
   652 BBDC 00 00 00 00 00 00 + 	.byte	$00,$00,$00,$00,$00,$00,$00,$00
   653 BBE4 00 00 00 00 00 00 + 	.byte	$00,$00,$00,$00,$00,$00,$00,$38
   654 BBEC 0C 00 00 00 00 21 + 	.byte	$0c,$00,$00,$00,$00,$21,$20,$40
   655 BBF4 1B 08 00 84 00 08 + 	.byte	$1b,$08,$00,$84,$00,$08,$10,$00
   656 BBFC 00 00 00 00 00 00 + 	.byte	$00,$00,$00,$00,$00,$00,$00,$00
   657 BC04 00 00 00 00 00 00 + 	.byte	$00,$00,$00,$00,$00,$00,$00,$00
   658 BC0C 00 00 00 00 00 00 + 	.byte	$00,$00,$00,$00,$00,$00,$00,$c0
   659 BC14 34 00 00 00 00 22 + 	.byte	$34,$00,$00,$00,$00,$22,$18,$20
   660 BC1C 2C 30 00 34 00 04 + 	.byte	$2c,$30,$00,$34,$00,$04,$10,$00
   661 BC24 00 00 00 00 00 00 + 	.byte	$00,$00,$00,$00,$00,$00,$00,$00
   662 BC2C 00 00 00 00 00 00 + 	.byte	$00,$00,$00,$00,$00,$00,$00,$00
   663 BC34 00 00 00 00 00 00 + 	.byte	$00,$00,$00,$00,$00,$00,$01,$00
   664 BC3C 20 00 08 00 00 14 + 	.byte	$20,$00,$08,$00,$00,$14,$04,$20
   665 BC44 54 40 00 48 00 04 + 	.byte	$54,$40,$00,$48,$00,$04,$10,$00
   666 BC4C 00 00 00 00 00 00 + 	.byte	$00,$00,$00,$00,$00,$00,$00,$00
   667 BC54 00 00 00 00 00 00 + 	.byte	$00,$00,$00,$00,$00,$00,$00,$00
   668 BC5C 00 00 00 00 00 00 + 	.byte	$00,$00,$00,$00,$00,$00,$07,$00
   669 BC64 20 80 10 00 FE 18 + 	.byte	$20,$80,$10,$00,$fe,$18,$06,$41
   670 BC6C 90 A0 00 40 00 02 + 	.byte	$90,$a0,$00,$40,$00,$02,$10,$00
   671 BC74 00 00 00 00 00 00 + 	.byte	$00,$00,$00,$00,$00,$00,$00,$00
   672 BC7C 00 00 00 00 00 00 + 	.byte	$00,$00,$00,$00,$00,$00,$00,$00
   673 BC84 00 00 00 00 00 00 + 	.byte	$00,$00,$00,$00,$00,$00,$08,$00
   674 BC8C 40 80 20 03 01 98 + 	.byte	$40,$80,$20,$03,$01,$98,$02,$82
   675 BC94 21 08 00 20 00 01 + 	.byte	$21,$08,$00,$20,$00,$01,$08,$00
   676 BC9C 00 00 00 00 00 00 + 	.byte	$00,$00,$00,$00,$00,$00,$00,$00
   677 BCA4 00 00 00 00 00 00 + 	.byte	$00,$00,$00,$00,$00,$00,$00,$00
   678 BCAC 00 00 00 00 00 00 + 	.byte	$00,$00,$00,$00,$00,$00,$10,$00
   679 BCB4 41 00 20 1C 00 68 + 	.byte	$41,$00,$20,$1c,$00,$68,$03,$04
   680 BCBC 62 04 01 10 00 01 + 	.byte	$62,$04,$01,$10,$00,$01,$08,$00
   681 BCC4 00 00 00 00 00 00 + 	.byte	$00,$00,$00,$00,$00,$00,$00,$00
   682 BCCC 00 00 00 00 00 00 + 	.byte	$00,$00,$00,$00,$00,$00,$00,$00
   683 BCD4 00 00 00 00 00 00 + 	.byte	$00,$00,$00,$00,$00,$00,$20,$00
   684 BCDC 41 00 40 20 00 10 + 	.byte	$41,$00,$40,$20,$00,$10,$04,$08
   685 BCE4 C4 02 00 CC 00 01 + 	.byte	$c4,$02,$00,$cc,$00,$01,$08,$00
   686 BCEC 00 00 00 00 00 00 + 	.byte	$00,$00,$00,$00,$00,$00,$00,$00
   687 BCF4 00 00 00 00 00 00 + 	.byte	$00,$00,$00,$00,$00,$00,$00,$00
   688 BCFC 00 00 00 00 00 00 + 	.byte	$00,$00,$00,$00,$00,$00,$40,$00
   689 BD04 41 00 C0 40 00 08 + 	.byte	$41,$00,$c0,$40,$00,$08,$08,$11
   690 BD0C 08 02 00 42 00 01 + 	.byte	$08,$02,$00,$42,$00,$01,$08,$00
   691 BD14 00 00 00 00 00 00 + 	.byte	$00,$00,$00,$00,$00,$00,$00,$00
   692 BD1C 00 00 00 00 00 00 + 	.byte	$00,$00,$00,$00,$00,$00,$00,$00
   693 BD24 00 00 00 00 00 00 + 	.byte	$00,$00,$00,$00,$00,$00,$80,$00
   694 BD2C 81 00 80 80 00 04 + 	.byte	$81,$00,$80,$80,$00,$04,$10,$22
   695 BD34 18 02 00 42 00 01 + 	.byte	$18,$02,$00,$42,$00,$01,$08,$00
   696 BD3C 00 00 00 00 00 00 + 	.byte	$00,$00,$00,$00,$00,$00,$00,$00
   697 BD44 00 00 00 00 00 00 + 	.byte	$00,$00,$00,$00,$00,$00,$00,$00
   698 BD4C 00 00 00 00 00 03 + 	.byte	$00,$00,$00,$00,$00,$03,$00,$00
   699 BD54 80 80 81 00 00 02 + 	.byte	$80,$80,$81,$00,$00,$02,$20,$24
   700 BD5C 20 01 00 84 00 01 + 	.byte	$20,$01,$00,$84,$00,$01,$08,$00
   701 BD64 00 00 00 00 00 00 + 	.byte	$00,$00,$00,$00,$00,$00,$00,$00
   702 BD6C 00 00 00 00 00 00 + 	.byte	$00,$00,$00,$00,$00,$00,$00,$00
   703 BD74 00 00 00 00 00 04 + 	.byte	$00,$00,$00,$00,$00,$04,$00,$00
   704 BD7C 80 80 81 00 00 02 + 	.byte	$80,$80,$81,$00,$00,$02,$20,$46
   705 BD84 40 01 01 0C 00 01 + 	.byte	$40,$01,$01,$0c,$00,$01,$10,$00
   706 BD8C 00 00 00 00 00 00 + 	.byte	$00,$00,$00,$00,$00,$00,$00,$00
   707 BD94 00 00 00 00 00 00 + 	.byte	$00,$00,$00,$00,$00,$00,$00,$00
   708 BD9C 00 00 00 00 00 08 + 	.byte	$00,$00,$00,$00,$00,$08,$00,$00
   709 BDA4 80 81 01 00 00 02 + 	.byte	$80,$81,$01,$00,$00,$02,$20,$8d
   710 BDAC 80 01 00 B0 00 02 + 	.byte	$80,$01,$00,$b0,$00,$02,$10,$00
   711 BDB4 00 00 00 00 00 00 + 	.byte	$00,$00,$00,$00,$00,$00,$00,$00
   712 BDBC 00 00 00 00 00 00 + 	.byte	$00,$00,$00,$00,$00,$00,$00,$00
   713 BDC4 00 00 00 00 00 10 + 	.byte	$00,$00,$00,$00,$00,$10,$00,$00
   714 BDCC 80 41 01 00 00 01 + 	.byte	$80,$41,$01,$00,$00,$01,$40,$88
   715 BDD4 00 00 00 44 00 04 + 	.byte	$00,$00,$00,$44,$00,$04,$10,$00
   716 BDDC 00 00 00 00 00 00 + 	.byte	$00,$00,$00,$00,$00,$00,$00,$00
   717 BDE4 00 00 00 00 00 00 + 	.byte	$00,$00,$00,$00,$00,$00,$00,$00
   718 BDEC 00 00 00 00 00 20 + 	.byte	$00,$00,$00,$00,$00,$20,$00,$00
   719 BDF4 40 21 02 00 00 01 + 	.byte	$40,$21,$02,$00,$00,$01,$81,$10
   720 BDFC 00 02 01 FB 00 04 + 	.byte	$00,$02,$01,$fb,$00,$04,$10,$00
   721 BE04 00 00 00 00 00 00 + 	.byte	$00,$00,$00,$00,$00,$00,$00,$00
   722 BE0C 00 00 00 00 00 00 + 	.byte	$00,$00,$00,$00,$00,$00,$00,$00
   723 BE14 00 00 00 00 00 40 + 	.byte	$00,$00,$00,$00,$00,$40,$00,$00
   724 BE1C 20 21 02 00 00 01 + 	.byte	$20,$21,$02,$00,$00,$01,$82,$10
   725 BE24 00 02 1E 00 F0 08 + 	.byte	$00,$02,$1e,$00,$f0,$08,$10,$00
   726 BE2C 00 00 00 00 00 00 + 	.byte	$00,$00,$00,$00,$00,$00,$00,$00
   727 BE34 00 00 00 00 00 00 + 	.byte	$00,$00,$00,$00,$00,$00,$00,$00
   728 BE3C 00 00 00 00 00 80 + 	.byte	$00,$00,$00,$00,$00,$80,$00,$00
   729 BE44 30 21 82 00 00 00 + 	.byte	$30,$21,$82,$00,$00,$00,$82,$10
   730 BE4C 00 02 60 18 08 08 + 	.byte	$00,$02,$60,$18,$08,$08,$30,$00
   731 BE54 00 00 00 00 00 00 + 	.byte	$00,$00,$00,$00,$00,$00,$00,$00
   732 BE5C 00 00 00 00 00 00 + 	.byte	$00,$00,$00,$00,$00,$00,$00,$00
   733 BE64 00 00 00 00 01 00 + 	.byte	$00,$00,$00,$00,$01,$00,$00,$00
   734 BE6C 10 30 82 00 00 00 + 	.byte	$10,$30,$82,$00,$00,$00,$84,$10
   735 BE74 00 01 80 47 C8 08 + 	.byte	$00,$01,$80,$47,$c8,$08,$40,$00
   736 BE7C 00 00 00 00 00 00 + 	.byte	$00,$00,$00,$00,$00,$00,$00,$00
   737 BE84 00 00 00 00 00 00 + 	.byte	$00,$00,$00,$00,$00,$00,$00,$00
   738 BE8C 00 00 00 00 01 00 + 	.byte	$00,$00,$00,$00,$01,$00,$00,$00
   739 BE94 08 10 82 00 00 00 + 	.byte	$08,$10,$82,$00,$00,$00,$84,$10
   740 BE9C 00 03 01 90 30 10 + 	.byte	$00,$03,$01,$90,$30,$10,$40,$00
   741 BEA4 00 00 00 00 00 00 + 	.byte	$00,$00,$00,$00,$00,$00,$00,$00
   742 BEAC 00 00 00 00 00 00 + 	.byte	$00,$00,$00,$00,$00,$00,$00,$00
   743 BEB4 00 00 00 00 06 00 + 	.byte	$00,$00,$00,$00,$06,$00,$00,$00
   744 BEBC 0C 10 82 00 00 00 + 	.byte	$0c,$10,$82,$00,$00,$00,$84,$08
   745 BEC4 00 0C 02 50 00 20 + 	.byte	$00,$0c,$02,$50,$00,$20,$40,$00
   746 BECC 00 00 00 00 00 00 + 	.byte	$00,$00,$00,$00,$00,$00,$00,$00
   747 BED4 00 00 00 00 00 00 + 	.byte	$00,$00,$00,$00,$00,$00,$00,$00
   748 BEDC 00 00 00 00 04 00 + 	.byte	$00,$00,$00,$00,$04,$00,$00,$00
   749 BEE4 04 08 42 00 00 00 + 	.byte	$04,$08,$42,$00,$00,$00,$84,$08
   750 BEEC 00 10 FD 60 00 C0 + 	.byte	$00,$10,$fd,$60,$00,$c0,$80,$00
   751 BEF4 00 00 00 00 00 00 + 	.byte	$00,$00,$00,$00,$00,$00,$00,$00
   752 BEFC 00 00 00 00 00 00 + 	.byte	$00,$00,$00,$00,$00,$00,$00,$00
   753 BF04 00 00 00 00 08 00 + 	.byte	$00,$00,$00,$00,$08,$00,$00,$00
   754 BF0C 04 04 41 00 00 01 + 	.byte	$04,$04,$41,$00,$00,$01,$02,$04
   755 BF14 00 21 10 80 01 01 + 	.byte	$00,$21,$10,$80,$01,$01,$00,$00
   756 BF1C 00 00 00 00 00 00 + 	.byte	$00,$00,$00,$00,$00,$00,$00,$00
   757 BF24 00 00 00 00 00 00 + 	.byte	$00,$00,$00,$00,$00,$00,$00,$00
   758 BF2C 00 00 00 00 08 00 + 	.byte	$00,$00,$00,$00,$08,$00,$00,$00
   759 BF34 02 00 01 00 00 00 + 	.byte	$02,$00,$01,$00,$00,$00,$81,$02
   760 BF3C 00 42 7F 00 06 02 + 	.byte	$00,$42,$7f,$00,$06,$02,$00,$00
   761 BF44 00 00 00 00 00 00 + 	.byte	$00,$00,$00,$00,$00,$00,$00,$00
   762 BF4C 00 00 00 00 00 00 + 	.byte	$00,$00,$00,$00,$00,$00,$00,$00
   763 BF54 00 00 00 00 10 00 + 	.byte	$00,$00,$00,$00,$10,$00,$00,$00
   764 BF5C 01 00 00 80 00 00 + 	.byte	$01,$00,$00,$80,$00,$00,$c0,$81
   765 BF64 00 88 00 00 08 04 + 	.byte	$00,$88,$00,$00,$08,$04,$00,$00
   766 BF6C 00 00 00 00 00 00 + 	.byte	$00,$00,$00,$00,$00,$00,$00,$00
   767 BF74 00 00 00 00 00 00 + 	.byte	$00,$00,$00,$00,$00,$00,$00,$00
   768 BF7C 00 00 00 00 20 00 + 	.byte	$00,$00,$00,$00,$20,$00,$00,$00
   769 BF84 00 80 00 80 00 00 + 	.byte	$00,$80,$00,$80,$00,$00,$20,$40
   770 BF8C 81 10 00 00 70 08 + 	.byte	$81,$10,$00,$00,$70,$08,$00,$00
   771 BF94 00 00 00 00 00 00 + 	.byte	$00,$00,$00,$00,$00,$00,$00,$00
   772 BF9C 00 00 00 00 00 00 + 	.byte	$00,$00,$00,$00,$00,$00,$00,$00
   773 BFA4 00 00 00 00 40 00 + 	.byte	$00,$00,$00,$00,$40,$00,$00,$00
   774 BFAC 00 7C 00 80 00 00 + 	.byte	$00,$7c,$00,$80,$00,$00,$10,$30
   775 BFB4 60 A0 00 01 80 10 + 	.byte	$60,$a0,$00,$01,$80,$10,$00,$00
   776 BFBC 00 00 00 00 00 00 + 	.byte	$00,$00,$00,$00,$00,$00,$00,$00
   777 BFC4 00 00 00 00 00 00 + 	.byte	$00,$00,$00,$00,$00,$00,$00,$00
   778 BFCC 00 00 00 00 80 00 + 	.byte	$00,$00,$00,$00,$80,$00,$00,$00
   779 BFD4 00 43 80 80 00 00 + 	.byte	$00,$43,$80,$80,$00,$00,$08,$08
   780 BFDC 10 40 00 02 00 60 + 	.byte	$10,$40,$00,$02,$00,$60,$00,$00
   781 BFE4 00 00 00 00 00 00 + 	.byte	$00,$00,$00,$00,$00,$00,$01,$00
   782 BFEC 00 00 00 00 00 00 + 	.byte	$00,$00,$00,$00,$00,$00,$00,$00
   783 BFF4 00 00 00 01 00 00 + 	.byte	$00,$00,$00,$01,$00,$00,$00,$00
   784 BFFC 00 80 61 00 00 00 + 	.byte	$00,$80,$61,$00,$00,$00,$04,$04
   785 C004 08 00 00 0C 01 80 + 	.byte	$08,$00,$00,$0c,$01,$80,$00,$00
   786 C00C 00 00 00 00 00 00 + 	.byte	$00,$00,$00,$00,$00,$00,$06,$00
   787 C014 00 00 00 00 00 00 + 	.byte	$00,$00,$00,$00,$00,$00,$00,$00
   788 C01C 00 00 00 02 00 00 + 	.byte	$00,$00,$00,$02,$00,$00,$00,$00
   789 C024 01 00 13 00 00 00 + 	.byte	$01,$00,$13,$00,$00,$00,$03,$02
   790 C02C 07 C0 00 30 06 00 + 	.byte	$07,$c0,$00,$30,$06,$00,$00,$00
   791 C034 00 00 00 00 00 00 + 	.byte	$00,$00,$00,$00,$00,$00,$18,$00
   792 C03C 00 00 00 00 00 00 + 	.byte	$00,$00,$00,$00,$00,$00,$00,$00
   793 C044 00 00 00 02 00 00 + 	.byte	$00,$00,$00,$02,$00,$00,$00,$00
   794 C04C 06 00 0C 80 00 00 + 	.byte	$06,$00,$0c,$80,$00,$00,$01,$01
   795 C054 00 20 1F C0 08 00 + 	.byte	$00,$20,$1f,$c0,$08,$00,$00,$00
   796 C05C 00 00 00 00 00 00 + 	.byte	$00,$00,$00,$00,$00,$00,$60,$00
   797 C064 00 00 00 00 00 00 + 	.byte	$00,$00,$00,$00,$00,$00,$00,$00
   798 C06C 00 00 00 04 00 00 + 	.byte	$00,$00,$00,$04,$00,$00,$00,$00
   799 C074 18 00 00 40 00 00 + 	.byte	$18,$00,$00,$40,$00,$00,$00,$e0
   800 C07C E0 10 E0 00 30 00 + 	.byte	$e0,$10,$e0,$00,$30,$00,$00,$00
   801 C084 00 00 00 00 00 01 + 	.byte	$00,$00,$00,$00,$00,$01,$80,$00
   802 C08C 00 00 00 00 00 00 + 	.byte	$00,$00,$00,$00,$00,$00,$00,$00
   803 C094 00 00 00 08 00 00 + 	.byte	$00,$00,$00,$08,$00,$00,$00,$00
   804 C09C F0 00 00 20 00 00 + 	.byte	$f0,$00,$00,$20,$00,$00,$00,$10
   805 C0A4 10 0F 00 03 C0 00 + 	.byte	$10,$0f,$00,$03,$c0,$00,$00,$00
   806 C0AC 00 00 00 00 00 06 + 	.byte	$00,$00,$00,$00,$00,$06,$00,$00
   807 C0B4 00 00 00 00 00 00 + 	.byte	$00,$00,$00,$00,$00,$00,$00,$00
   808 C0BC 00 00 00 10 00 00 + 	.byte	$00,$00,$00,$10,$00,$00,$00,$0f
   809 C0C4 80 00 00 10 00 00 + 	.byte	$80,$00,$00,$10,$00,$00,$00,$08
   810 C0CC 0F 80 00 18 00 00 + 	.byte	$0f,$80,$00,$18,$00,$00,$00,$00
   811 C0D4 00 00 00 00 00 18 + 	.byte	$00,$00,$00,$00,$00,$18,$00,$00
   812 C0DC 00 00 00 00 00 00 + 	.byte	$00,$00,$00,$00,$00,$00,$00,$00
   813 C0E4 00 00 00 20 00 00 + 	.byte	$00,$00,$00,$20,$00,$00,$00,$10
   814 C0EC 00 00 00 0F 00 00 + 	.byte	$00,$00,$00,$0f,$00,$00,$00,$04
   815 C0F4 00 40 0F E0 00 00 + 	.byte	$00,$40,$0f,$e0,$00,$00,$00,$00
   816 C0FC 00 00 00 00 00 60 + 	.byte	$00,$00,$00,$00,$00,$60,$00,$00
   817 C104 00 00 00 00 00 00 + 	.byte	$00,$00,$00,$00,$00,$00,$00,$00
   818 C10C 00 00 00 40 00 00 + 	.byte	$00,$00,$00,$40,$00,$00,$00,$60
   819 C114 00 00 00 10 C0 00 + 	.byte	$00,$00,$00,$10,$c0,$00,$00,$02
   820 C11C 00 20 10 00 00 00 + 	.byte	$00,$20,$10,$00,$00,$00,$00,$00
   821 C124 00 00 00 00 01 80 + 	.byte	$00,$00,$00,$00,$01,$80,$00,$00
   822 C12C 00 00 00 00 00 00 + 	.byte	$00,$00,$00,$00,$00,$00,$00,$00
   823 C134 00 00 00 80 00 00 + 	.byte	$00,$00,$00,$80,$00,$00,$07,$c0
   824 C13C 00 00 00 10 60 00 + 	.byte	$00,$00,$00,$10,$60,$00,$00,$01
   825 C144 80 1F E0 00 00 00 + 	.byte	$80,$1f,$e0,$00,$00,$00,$00,$00
   826 C14C 00 00 00 00 06 00 + 	.byte	$00,$00,$00,$00,$06,$00,$00,$00
   827 C154 00 00 00 00 00 00 + 	.byte	$00,$00,$00,$00,$00,$00,$00,$00
   828 C15C 00 00 01 00 00 00 + 	.byte	$00,$00,$01,$00,$00,$00,$18,$00
   829 C164 00 00 00 10 10 00 + 	.byte	$00,$00,$00,$10,$10,$00,$00,$00
   830 C16C FC 00 00 00 00 00 + 	.byte	$fc,$00,$00,$00,$00,$00,$00,$00
   831 C174 00 00 00 00 18 00 + 	.byte	$00,$00,$00,$00,$18,$00,$00,$00
   832 C17C 00 00 00 00 00 00 + 	.byte	$00,$00,$00,$00,$00,$00,$00,$00
   833 C184 00 00 02 00 00 00 + 	.byte	$00,$00,$02,$00,$00,$00,$60,$00
   834 C18C 00 00 00 20 0C 00 + 	.byte	$00,$00,$00,$20,$0c,$00,$00,$00
   835 C194 83 00 00 00 00 00 + 	.byte	$83,$00,$00,$00,$00,$00,$00,$00
   836 C19C 00 00 00 00 60 00 + 	.byte	$00,$00,$00,$00,$60,$00,$00,$00
   837 C1A4 00 00 00 00 00 00 + 	.byte	$00,$00,$00,$00,$00,$00,$00,$00
   838 C1AC 00 00 02 00 00 01 + 	.byte	$00,$00,$02,$00,$00,$01,$80,$00
   839 C1B4 00 00 00 40 06 00 + 	.byte	$00,$00,$00,$40,$06,$00,$00,$00
   840 C1BC 80 C0 00 00 00 00 + 	.byte	$80,$c0,$00,$00,$00,$00,$00,$00
   841 C1C4 00 00 00 01 80 00 + 	.byte	$00,$00,$00,$01,$80,$00,$00,$00
   842 C1CC 00 00 00 00 00 00 + 	.byte	$00,$00,$00,$00,$00,$00,$00,$00
   843 C1D4 00 00 02 00 00 02 + 	.byte	$00,$00,$02,$00,$00,$02,$00,$00
   844 C1DC 00 00 00 40 09 00 + 	.byte	$00,$00,$00,$40,$09,$00,$00,$01
   845 C1E4 00 20 00 00 00 00 + 	.byte	$00,$20,$00,$00,$00,$00,$00,$00
   846 C1EC 00 00 00 06 00 00 + 	.byte	$00,$00,$00,$06,$00,$00,$00,$00
   847 C1F4 00 00 00 00 00 00 + 	.byte	$00,$00,$00,$00,$00,$00,$00,$00
   848 C1FC 00 00 04 00 00 06 + 	.byte	$00,$00,$04,$00,$00,$06,$00,$00
   849 C204 00 00 00 40 10 C0 + 	.byte	$00,$00,$00,$40,$10,$c0,$00,$01
   850 C20C 00 10 00 00 00 00 + 	.byte	$00,$10,$00,$00,$00,$00,$00,$00
   851 C214 00 00 00 18 00 00 + 	.byte	$00,$00,$00,$18,$00,$00,$00,$00
   852 C21C 00 00 00 00 00 00 + 	.byte	$00,$00,$00,$00,$00,$00,$00,$00
   853 C224 00 00 08 00 00 04 + 	.byte	$00,$00,$08,$00,$00,$04,$00,$00
   854 C22C 00 00 00 80 20 70 + 	.byte	$00,$00,$00,$80,$20,$70,$00,$02
   855 C234 00 10 00 00 00 00 + 	.byte	$00,$10,$00,$00,$00,$00,$00,$00
   856 C23C 00 00 00 60 00 00 + 	.byte	$00,$00,$00,$60,$00,$00,$00,$00
   857 C244 00 00 00 00 00 00 + 	.byte	$00,$00,$00,$00,$00,$00,$00,$00
   858 C24C 00 00 08 00 00 0C + 	.byte	$00,$00,$08,$00,$00,$0c,$00,$00
   859 C254 00 00 01 00 40 10 + 	.byte	$00,$00,$01,$00,$40,$10,$00,$04
   860 C25C 00 10 00 00 00 00 + 	.byte	$00,$10,$00,$00,$00,$00,$00,$00
   861 C264 00 00 01 80 00 00 + 	.byte	$00,$00,$01,$80,$00,$00,$00,$00
   862 C26C 00 00 00 00 00 00 + 	.byte	$00,$00,$00,$00,$00,$00,$00,$00
   863 C274 00 00 08 00 00 08 + 	.byte	$00,$00,$08,$00,$00,$08,$00,$00
   864 C27C 00 00 02 00 40 08 + 	.byte	$00,$00,$02,$00,$40,$08,$00,$04
   865 C284 00 10 00 00 00 00 + 	.byte	$00,$10,$00,$00,$00,$00,$00,$00
   866 C28C 00 00 06 00 00 00 + 	.byte	$00,$00,$06,$00,$00,$00,$00,$00
   867 C294 00 00 00 00 00 00 + 	.byte	$00,$00,$00,$00,$00,$00,$00,$00
   868 C29C 00 00 08 00 00 10 + 	.byte	$00,$00,$08,$00,$00,$10,$00,$00
   869 C2A4 00 00 04 00 80 04 + 	.byte	$00,$00,$04,$00,$80,$04,$00,$04
   870 C2AC 00 10 00 00 00 00 + 	.byte	$00,$10,$00,$00,$00,$00,$00,$00
   871 C2B4 00 00 08 00 00 00 + 	.byte	$00,$00,$08,$00,$00,$00,$00,$00
   872 C2BC 00 00 00 00 00 00 + 	.byte	$00,$00,$00,$00,$00,$00,$00,$00
   873 C2C4 00 00 08 00 00 20 + 	.byte	$00,$00,$08,$00,$00,$20,$00,$00
   874 C2CC 00 00 04 01 00 02 + 	.byte	$00,$00,$04,$01,$00,$02,$00,$08
   875 C2D4 00 10 00 00 00 00 + 	.byte	$00,$10,$00,$00,$00,$00,$00,$00
   876 C2DC 00 00 10 00 00 00 + 	.byte	$00,$00,$10,$00,$00,$00,$00,$00
   877 C2E4 00 00 00 00 00 00 + 	.byte	$00,$00,$00,$00,$00,$00,$00,$00
   878 C2EC 00 00 08 00 00 C0 + 	.byte	$00,$00,$08,$00,$00,$c0,$00,$00
   879 C2F4 00 00 04 02 00 02 + 	.byte	$00,$00,$04,$02,$00,$02,$00,$00
   880 C2FC 00 20 00 00 00 00 + 	.byte	$00,$20,$00,$00,$00,$00,$00,$00
   881 C304 00 00 10 00 00 00 + 	.byte	$00,$00,$10,$00,$00,$00,$00,$00
   882 C30C 00 00 00 00 00 00 + 	.byte	$00,$00,$00,$00,$00,$00,$00,$00
   883 C314 00 00 08 00 00 80 + 	.byte	$00,$00,$08,$00,$00,$80,$00,$00
   884 C31C 00 00 08 04 00 01 + 	.byte	$00,$00,$08,$04,$00,$01,$80,$10
   885 C324 00 30 00 00 00 00 + 	.byte	$00,$30,$00,$00,$00,$00,$00,$00
   886 C32C 00 00 20 00 00 00 + 	.byte	$00,$00,$20,$00,$00,$00,$00,$00
   887 C334 00 00 00 00 00 00 + 	.byte	$00,$00,$00,$00,$00,$00,$00,$00
   888 C33C 00 00 08 00 01 00 + 	.byte	$00,$00,$08,$00,$01,$00,$00,$00
   889 C344 00 00 10 08 00 00 + 	.byte	$00,$00,$10,$08,$00,$00,$c0,$20
   890 C34C 00 28 00 00 00 00 + 	.byte	$00,$28,$00,$00,$00,$00,$00,$00
   891 C354 00 00 40 00 00 00 + 	.byte	$00,$00,$40,$00,$00,$00,$00,$00
   892 C35C 00 00 00 00 00 00 + 	.byte	$00,$00,$00,$00,$00,$00,$00,$00
   893 C364 00 00 10 00 00 80 + 	.byte	$00,$00,$10,$00,$00,$80,$00,$00
   894 C36C 00 00 10 08 00 00 + 	.byte	$00,$00,$10,$08,$00,$00,$20,$40
   895 C374 00 24 00 00 00 00 + 	.byte	$00,$24,$00,$00,$00,$00,$00,$00
   896 C37C 00 00 80 00 00 00 + 	.byte	$00,$00,$80,$00,$00,$00,$00,$00
   897 C384 00 00 00 00 00 00 + 	.byte	$00,$00,$00,$00,$00,$00,$00,$00
   898 C38C 00 00 10 00 00 80 + 	.byte	$00,$00,$10,$00,$00,$80,$00,$00
   899 C394 00 00 10 08 00 00 + 	.byte	$00,$00,$10,$08,$00,$00,$18,$80
   900 C39C 00 42 00 00 00 00 + 	.byte	$00,$42,$00,$00,$00,$00,$00,$00
   901 C3A4 00 00 80 00 00 00 + 	.byte	$00,$00,$80,$00,$00,$00,$00,$00
   902 C3AC 00 00 00 00 00 00 + 	.byte	$00,$00,$00,$00,$00,$00,$00,$00
   903 C3B4 00 00 20 00 00 80 + 	.byte	$00,$00,$20,$00,$00,$80,$00,$00
   904 C3BC 00 00 20 10 00 00 + 	.byte	$00,$00,$20,$10,$00,$00,$05,$00
   905 C3C4 00 81 00 00 00 00 + 	.byte	$00,$81,$00,$00,$00,$00,$00,$00
   906 C3CC 00 01 00 00 00 00 + 	.byte	$00,$01,$00,$00,$00,$00,$00,$00
   907 C3D4 00 00 00 00 00 00 + 	.byte	$00,$00,$00,$00,$00,$00,$00,$00
   908 C3DC 00 00 20 00 00 80 + 	.byte	$00,$00,$20,$00,$00,$80,$00,$00
   909 C3E4 00 00 40 10 00 00 + 	.byte	$00,$00,$40,$10,$00,$00,$03,$00
   910 C3EC 01 00 80 00 00 00 + 	.byte	$01,$00,$80,$00,$00,$00,$00,$00
   911 C3F4 00 02 00 00 00 00 + 	.byte	$00,$02,$00,$00,$00,$00,$00,$00
   912 C3FC 00 00 00 00 00 00 + 	.byte	$00,$00,$00,$00,$00,$00,$00,$00
   913 C404 00 00 20 00 00 40 + 	.byte	$00,$00,$20,$00,$00,$40,$00,$00
   914 C40C 00 00 80 20 00 00 + 	.byte	$00,$00,$80,$20,$00,$00,$02,$00
   915 C414 03 00 40 00 00 00 + 	.byte	$03,$00,$40,$00,$00,$00,$00,$00
   916 C41C 00 02 00 00 00 00 + 	.byte	$00,$02,$00,$00,$00,$00,$00,$00
   917 C424 00 00 00 00 00 00 + 	.byte	$00,$00,$00,$00,$00,$00,$00,$00
   918 C42C 00 00 50 00 00 20 + 	.byte	$00,$00,$50,$00,$00,$20,$00,$00
   919 C434 00 00 80 40 00 00 + 	.byte	$00,$00,$80,$40,$00,$00,$01,$00
   920 C43C 04 00 20 00 00 00 + 	.byte	$04,$00,$20,$00,$00,$00,$00,$00
   921 C444 00 04 00 00 00 00 + 	.byte	$00,$04,$00,$00,$00,$00,$00,$00
   922 C44C 00 00 00 00 00 00 + 	.byte	$00,$00,$00,$00,$00,$00,$00,$00
   923 C454 00 00 88 00 00 10 + 	.byte	$00,$00,$88,$00,$00,$10,$00,$00
   924 C45C 00 00 81 80 00 00 + 	.byte	$00,$00,$81,$80,$00,$00,$00,$80
   925 C464 18 00 10 00 00 00 + 	.byte	$18,$00,$10,$00,$00,$00,$00,$00
   926 C46C 00 08 00 00 00 00 + 	.byte	$00,$08,$00,$00,$00,$00,$00,$00
   927 C474 00 00 00 00 00 00 + 	.byte	$00,$00,$00,$00,$00,$00,$00,$00
   928 C47C 00 00 84 00 00 10 + 	.byte	$00,$00,$84,$00,$00,$10,$00,$00
   929 C484 00 01 02 00 00 00 + 	.byte	$00,$01,$02,$00,$00,$00,$00,$63
   930 C48C E0 00 08 00 00 00 + 	.byte	$e0,$00,$08,$00,$00,$00,$00,$00
   931 C494 00 08 00 00 00 00 + 	.byte	$00,$08,$00,$00,$00,$00,$00,$00
   932 C49C 00 00 00 00 00 00 + 	.byte	$00,$00,$00,$00,$00,$00,$00,$00
   933 C4A4 00 00 83 C0 00 70 + 	.byte	$00,$00,$83,$c0,$00,$70,$00,$00
   934 C4AC 00 02 04 00 00 00 + 	.byte	$00,$02,$04,$00,$00,$00,$00,$1c
   935 C4B4 70 00 04 00 00 00 + 	.byte	$70,$00,$04,$00,$00,$00,$00,$00
   936 C4BC 00 10 00 00 00 00 + 	.byte	$00,$10,$00,$00,$00,$00,$00,$00
   937 C4C4 00 00 00 00 00 00 + 	.byte	$00,$00,$00,$00,$00,$00,$00,$00
   938 C4CC 00 00 80 30 7F 88 + 	.byte	$00,$00,$80,$30,$7f,$88,$00,$00
   939 C4D4 00 04 04 00 00 00 + 	.byte	$00,$04,$04,$00,$00,$00,$00,$00
   940 C4DC 0C 00 02 00 00 00 + 	.byte	$0c,$00,$02,$00,$00,$00,$00,$00
   941 C4E4 00 20 00 00 00 00 + 	.byte	$00,$20,$00,$00,$00,$00,$00,$00
   942 C4EC 00 00 00 00 00 00 + 	.byte	$00,$00,$00,$00,$00,$00,$00,$00
   943 C4F4 00 01 00 0F 00 08 + 	.byte	$00,$01,$00,$0f,$00,$08,$00,$00
   944 C4FC 00 08 08 00 00 00 + 	.byte	$00,$08,$08,$00,$00,$00,$00,$00
   945 C504 02 00 03 00 00 00 + 	.byte	$02,$00,$03,$00,$00,$00,$00,$00
   946 C50C 00 40 00 00 00 00 + 	.byte	$00,$40,$00,$00,$00,$00,$00,$00
   947 C514 00 00 00 00 00 00 + 	.byte	$00,$00,$00,$00,$00,$00,$00,$00
   948 C51C 00 01 00 00 00 08 + 	.byte	$00,$01,$00,$00,$00,$08,$00,$00
   949 C524 00 08 30 00 00 00 + 	.byte	$00,$08,$30,$00,$00,$00,$00,$00
   950 C52C 01 00 00 80 00 00 + 	.byte	$01,$00,$00,$80,$00,$00,$00,$00
   951 C534 00 40 00 00 00 00 + 	.byte	$00,$40,$00,$00,$00,$00,$00,$00
   952 C53C 00 00 00 00 00 00 + 	.byte	$00,$00,$00,$00,$00,$00,$00,$00
   953 C544 00 01 00 00 00 08 + 	.byte	$00,$01,$00,$00,$00,$08,$00,$00
   954 C54C 00 04 40 00 00 00 + 	.byte	$00,$04,$40,$00,$00,$00,$00,$00
   955 C554 00 C0 00 80 00 00 + 	.byte	$00,$c0,$00,$80,$00,$00,$00,$00
   956 C55C 03 80 00 00 00 00 + 	.byte	$03,$80,$00,$00,$00,$00,$00,$00
   957 C564 00 00 00 00 00 00 + 	.byte	$00,$00,$00,$00,$00,$00,$00,$00
   958 C56C 00 01 00 00 00 08 + 	.byte	$00,$01,$00,$00,$00,$08,$00,$00
   959 C574 00 02 80 00 00 00 + 	.byte	$00,$02,$80,$00,$00,$00,$00,$00
   960 C57C 00 30 00 40 00 00 + 	.byte	$00,$30,$00,$40,$00,$00,$00,$00
   961 C584 3C 00 00 00 00 00 + 	.byte	$3c,$00,$00,$00,$00,$00,$00,$00
   962 C58C 00 00 00 00 00 00 + 	.byte	$00,$00,$00,$00,$00,$00,$00,$00
   963 C594 00 01 00 00 00 08 + 	.byte	$00,$01,$00,$00,$00,$08,$00,$00
   964 C59C 00 03 00 00 00 00 + 	.byte	$00,$03,$00,$00,$00,$00,$00,$00
   965 C5A4 00 10 00 40 00 00 + 	.byte	$00,$10,$00,$40,$00,$00,$00,$07
   966 C5AC C0 00 00 00 00 00 + 	.byte	$c0,$00,$00,$00,$00,$00,$00,$00
   967 C5B4 00 00 00 00 00 00 + 	.byte	$00,$00,$00,$00,$00,$00,$00,$00
   968 C5BC 00 00 80 00 00 08 + 	.byte	$00,$00,$80,$00,$00,$08,$00,$00
   969 C5C4 00 00 00 00 00 00 + 	.byte	$00,$00,$00,$00,$00,$00,$00,$00
   970 C5CC 00 08 00 40 00 00 + 	.byte	$00,$08,$00,$40,$00,$00,$00,$78
   971 C5D4 00 00 00 00 00 00 + 	.byte	$00,$00,$00,$00,$00,$00,$00,$00
   972 C5DC 00 00 00 00 00 00 + 	.byte	$00,$00,$00,$00,$00,$00,$00,$00
   973 C5E4 00 00 E0 00 00 08 + 	.byte	$00,$00,$e0,$00,$00,$08,$00,$00
   974 C5EC 00 00 00 00 00 00 + 	.byte	$00,$00,$00,$00,$00,$00,$00,$00
   975 C5F4 00 04 00 40 00 00 + 	.byte	$00,$04,$00,$40,$00,$00,$0f,$80
   976 C5FC 00 00 00 00 00 00 + 	.byte	$00,$00,$00,$00,$00,$00,$00,$00
   977 C604 00 00 00 00 00 00 + 	.byte	$00,$00,$00,$00,$00,$00,$00,$00
   978 C60C 00 00 10 00 00 08 + 	.byte	$00,$00,$10,$00,$00,$08,$00,$00
   979 C614 00 00 00 00 00 00 + 	.byte	$00,$00,$00,$00,$00,$00,$00,$00
   980 C61C 00 02 00 20 00 00 + 	.byte	$00,$02,$00,$20,$00,$00,$f0,$00
   981 C624 00 00 00 00 00 00 + 	.byte	$00,$00,$00,$00,$00,$00,$00,$00
   982 C62C 00 00 00 00 0F FF + 	.byte	$00,$00,$00,$00,$0f,$ff,$ff,$00
   983 C634 00 00 0C 00 00 10 + 	.byte	$00,$00,$0c,$00,$00,$10,$00,$00
   984 C63C 00 00 00 00 00 00 + 	.byte	$00,$00,$00,$00,$00,$00,$00,$00
   985 C644 00 04 00 10 00 1F + 	.byte	$00,$04,$00,$10,$00,$1f,$00,$00
   986 C64C 00 00 00 00 00 00 + 	.byte	$00,$00,$00,$00,$00,$00,$00,$00
   987 C654 01 FF FF FF F0 00 + 	.byte	$01,$ff,$ff,$ff,$f0,$00,$00,$ff
   988 C65C C0 00 02 00 03 E0 + 	.byte	$c0,$00,$02,$00,$03,$e0,$00,$00
   989 C664 00 00 00 00 00 00 + 	.byte	$00,$00,$00,$00,$00,$00,$00,$00
   990 C66C 00 08 00 10 01 E0 + 	.byte	$00,$08,$00,$10,$01,$e0,$00,$00
   991 C674 00 00 00 00 00 00 + 	.byte	$00,$00,$00,$00,$00,$00,$00,$ff
   992 C67C FE 00 00 00 00 00 + 	.byte	$fe,$00,$00,$00,$00,$00,$00,$00
   993 C684 3F FF FF FF FF FF + 	.byte	$3f,$ff,$ff,$ff,$ff,$ff,$ff,$ff
   994 C68C FF FF FF FF FF FF + 	.byte	$ff,$ff,$ff,$ff,$ff,$ff,$ff,$ff
   995 C694 FF FF FF FF FE 00 + 	.byte	$ff,$ff,$ff,$ff,$fe,$00,$00,$00
   996 C69C 00 00 00 00 00 00 + 	.byte	$00,$00,$00,$00,$00,$00,$00
